[0.696s] DEBUG:colcon:Command line arguments: ['/usr/bin/colcon', 'build']
[0.696s] DEBUG:colcon:Parsed command line arguments: Namespace(log_base=None, log_level=None, verb_name='build', build_base='build', install_base='install', merge_install=False, symlink_install=False, test_result_base=None, continue_on_error=False, executor='parallel', parallel_workers=8, event_handlers=None, ignore_user_meta=False, metas=['./colcon.meta'], base_paths=['.'], packages_ignore=None, packages_ignore_regex=None, paths=None, packages_up_to=None, packages_up_to_regex=None, packages_above=None, packages_above_and_dependencies=None, packages_above_depth=None, packages_select_by_dep=None, packages_skip_by_dep=None, packages_skip_up_to=None, packages_select_build_failed=False, packages_skip_build_finished=False, packages_select_test_failures=False, packages_skip_test_passed=False, packages_select=None, packages_skip=None, packages_select_regex=None, packages_skip_regex=None, packages_start=None, packages_end=None, cmake_args=None, cmake_target=None, cmake_target_skip_unavailable=False, cmake_clean_cache=False, cmake_clean_first=False, cmake_force_configure=False, ament_cmake_args=None, catkin_cmake_args=None, catkin_skip_building_tests=False, verb_parser=<colcon_defaults.argument_parser.defaults.DefaultArgumentsDecorator object at 0x7fb0cf989b80>, verb_extension=<colcon_core.verb.build.BuildVerb object at 0x7fb0cfb67230>, main=<bound method BuildVerb.main of <colcon_core.verb.build.BuildVerb object at 0x7fb0cfb67230>>)
[0.835s] Level 1:colcon.colcon_core.package_discovery:discover_packages(colcon_meta) check parameters
[0.836s] Level 1:colcon.colcon_core.package_discovery:discover_packages(recursive) check parameters
[0.836s] Level 1:colcon.colcon_core.package_discovery:discover_packages(ignore) check parameters
[0.836s] Level 1:colcon.colcon_core.package_discovery:discover_packages(path) check parameters
[0.837s] Level 1:colcon.colcon_core.package_discovery:discover_packages(colcon_meta) discover
[0.837s] Level 1:colcon.colcon_core.package_discovery:discover_packages(recursive) discover
[0.837s] INFO:colcon.colcon_core.package_discovery:Crawling recursively for packages in '/mnt/c/Users/Dane/ros2_ws/src/run_nav2'
[0.839s] Level 1:colcon.colcon_core.package_identification:_identify(.) by extensions ['ignore', 'ignore_ament_install']
[0.839s] Level 1:colcon.colcon_core.package_identification:_identify(.) by extension 'ignore'
[0.839s] Level 1:colcon.colcon_core.package_identification:_identify(.) by extension 'ignore_ament_install'
[0.840s] Level 1:colcon.colcon_core.package_identification:_identify(.) by extensions ['colcon_pkg']
[0.840s] Level 1:colcon.colcon_core.package_identification:_identify(.) by extension 'colcon_pkg'
[0.841s] Level 1:colcon.colcon_core.package_identification:_identify(.) by extensions ['colcon_meta']
[0.841s] Level 1:colcon.colcon_core.package_identification:_identify(.) by extension 'colcon_meta'
[0.841s] Level 1:colcon.colcon_core.package_identification:_identify(.) by extensions ['ros']
[0.841s] Level 1:colcon.colcon_core.package_identification:_identify(.) by extension 'ros'
[0.928s] DEBUG:colcon.colcon_core.package_identification:Package '.' with type 'ros.ament_python' and name 'run_nav2'
[0.928s] Level 1:colcon.colcon_core.package_discovery:discover_packages(recursive) using defaults
[0.929s] Level 1:colcon.colcon_core.package_discovery:discover_packages(ignore) discover
[0.929s] Level 1:colcon.colcon_core.package_discovery:discover_packages(ignore) using defaults
[0.929s] Level 1:colcon.colcon_core.package_discovery:discover_packages(path) discover
[0.929s] Level 1:colcon.colcon_core.package_discovery:discover_packages(path) using defaults
[1.057s] Level 5:colcon.colcon_core.verb:set package 'run_nav2' build argument 'cmake_args' from command line to 'None'
[1.058s] Level 5:colcon.colcon_core.verb:set package 'run_nav2' build argument 'cmake_target' from command line to 'None'
[1.058s] Level 5:colcon.colcon_core.verb:set package 'run_nav2' build argument 'cmake_target_skip_unavailable' from command line to 'False'
[1.058s] Level 5:colcon.colcon_core.verb:set package 'run_nav2' build argument 'cmake_clean_cache' from command line to 'False'
[1.058s] Level 5:colcon.colcon_core.verb:set package 'run_nav2' build argument 'cmake_clean_first' from command line to 'False'
[1.059s] Level 5:colcon.colcon_core.verb:set package 'run_nav2' build argument 'cmake_force_configure' from command line to 'False'
[1.059s] Level 5:colcon.colcon_core.verb:set package 'run_nav2' build argument 'ament_cmake_args' from command line to 'None'
[1.059s] Level 5:colcon.colcon_core.verb:set package 'run_nav2' build argument 'catkin_cmake_args' from command line to 'None'
[1.059s] Level 5:colcon.colcon_core.verb:set package 'run_nav2' build argument 'catkin_skip_building_tests' from command line to 'False'
[1.059s] DEBUG:colcon.colcon_core.verb:Building package 'run_nav2' with the following arguments: {'ament_cmake_args': None, 'build_base': '/mnt/c/Users/Dane/ros2_ws/src/run_nav2/build/run_nav2', 'catkin_cmake_args': None, 'catkin_skip_building_tests': False, 'cmake_args': None, 'cmake_clean_cache': False, 'cmake_clean_first': False, 'cmake_force_configure': False, 'cmake_target': None, 'cmake_target_skip_unavailable': False, 'install_base': '/mnt/c/Users/Dane/ros2_ws/src/run_nav2/install/run_nav2', 'merge_install': False, 'path': '/mnt/c/Users/Dane/ros2_ws/src/run_nav2', 'symlink_install': False, 'test_result_base': None}
[1.060s] INFO:colcon.colcon_core.executor:Executing jobs using 'parallel' executor
[1.061s] DEBUG:colcon.colcon_parallel_executor.executor.parallel:run_until_complete
[1.061s] INFO:colcon.colcon_ros.task.ament_python.build:Building ROS package in '/mnt/c/Users/Dane/ros2_ws/src/run_nav2' with build type 'ament_python'
[1.062s] Level 1:colcon.colcon_core.shell:create_environment_hook('run_nav2', 'ament_prefix_path')
[1.085s] INFO:colcon.colcon_core.plugin_system:Skipping extension 'colcon_core.shell.bat': Not used on non-Windows systems
[1.085s] INFO:colcon.colcon_core.shell:Creating environment descriptor '/mnt/c/Users/Dane/ros2_ws/src/run_nav2/install/run_nav2/share/run_nav2/hook/ament_prefix_path.dsv'
[1.102s] INFO:colcon.colcon_core.shell:Creating environment hook '/mnt/c/Users/Dane/ros2_ws/src/run_nav2/install/run_nav2/share/run_nav2/hook/ament_prefix_path.sh'
[1.119s] DEBUG:colcon.colcon_core.shell:Skip shell extension 'dsv' for command environment
[2.569s] INFO:colcon.colcon_core.task.python.build:Building Python package in '/mnt/c/Users/Dane/ros2_ws/src/run_nav2'
[2.570s] DEBUG:colcon.colcon_core.shell:Skip shell extension 'dsv' for command environment
[5.658s] DEBUG:colcon.colcon_core.event_handler.log_command:Invoking command in '/mnt/c/Users/Dane/ros2_ws/src/run_nav2': PYTHONPATH=/mnt/c/Users/Dane/ros2_ws/src/run_nav2/build/run_nav2/prefix_override:/usr/lib/python3/dist-packages/colcon_core/task/python/colcon_distutils_commands:/mnt/c/Users/Dane/ros2_ws/src/run_nav2/install/run_nav2/lib/python3.12/site-packages:${PYTHONPATH} /usr/bin/python3 -W ignore:setup.py install is deprecated setup.py egg_info --egg-base build/run_nav2 build --build-base /mnt/c/Users/Dane/ros2_ws/src/run_nav2/build/run_nav2/build install --record /mnt/c/Users/Dane/ros2_ws/src/run_nav2/build/run_nav2/install.log --single-version-externally-managed install_data
[9.366s] DEBUG:colcon.colcon_core.event_handler.log_command:Invoked command in '/mnt/c/Users/Dane/ros2_ws/src/run_nav2' returned '0': PYTHONPATH=/mnt/c/Users/Dane/ros2_ws/src/run_nav2/build/run_nav2/prefix_override:/usr/lib/python3/dist-packages/colcon_core/task/python/colcon_distutils_commands:/mnt/c/Users/Dane/ros2_ws/src/run_nav2/install/run_nav2/lib/python3.12/site-packages:${PYTHONPATH} /usr/bin/python3 -W ignore:setup.py install is deprecated setup.py egg_info --egg-base build/run_nav2 build --build-base /mnt/c/Users/Dane/ros2_ws/src/run_nav2/build/run_nav2/build install --record /mnt/c/Users/Dane/ros2_ws/src/run_nav2/build/run_nav2/install.log --single-version-externally-managed install_data
[9.394s] Level 1:colcon.colcon_core.environment:checking '/mnt/c/Users/Dane/ros2_ws/src/run_nav2/install/run_nav2' for CMake module files
[9.475s] Level 1:colcon.colcon_core.environment:checking '/mnt/c/Users/Dane/ros2_ws/src/run_nav2/install/run_nav2' for CMake config files
[9.616s] Level 1:colcon.colcon_core.environment:checking '/mnt/c/Users/Dane/ros2_ws/src/run_nav2/install/run_nav2/lib'
[9.626s] Level 1:colcon.colcon_core.environment:checking '/mnt/c/Users/Dane/ros2_ws/src/run_nav2/install/run_nav2/bin'
[9.628s] Level 1:colcon.colcon_core.environment:checking '/mnt/c/Users/Dane/ros2_ws/src/run_nav2/install/run_nav2/lib/pkgconfig/run_nav2.pc'
[9.635s] Level 1:colcon.colcon_core.environment:checking '/mnt/c/Users/Dane/ros2_ws/src/run_nav2/install/run_nav2/lib/python3.12/site-packages'
[9.640s] Level 1:colcon.colcon_core.shell:create_environment_hook('run_nav2', 'pythonpath')
[9.641s] INFO:colcon.colcon_core.shell:Creating environment descriptor '/mnt/c/Users/Dane/ros2_ws/src/run_nav2/install/run_nav2/share/run_nav2/hook/pythonpath.dsv'
[9.660s] INFO:colcon.colcon_core.shell:Creating environment hook '/mnt/c/Users/Dane/ros2_ws/src/run_nav2/install/run_nav2/share/run_nav2/hook/pythonpath.sh'
[9.684s] Level 1:colcon.colcon_core.environment:checking '/mnt/c/Users/Dane/ros2_ws/src/run_nav2/install/run_nav2/bin'
[9.688s] Level 1:colcon.colcon_core.environment:create_environment_scripts_only(run_nav2)
[9.689s] INFO:colcon.colcon_core.shell:Creating package descriptor '/mnt/c/Users/Dane/ros2_ws/src/run_nav2/install/run_nav2/share/run_nav2/package.dsv'
[9.709s] INFO:colcon.colcon_core.shell:Creating package script '/mnt/c/Users/Dane/ros2_ws/src/run_nav2/install/run_nav2/share/run_nav2/package.sh'
[9.731s] INFO:colcon.colcon_core.shell:Creating package script '/mnt/c/Users/Dane/ros2_ws/src/run_nav2/install/run_nav2/share/run_nav2/package.bash'
[9.747s] INFO:colcon.colcon_core.shell:Creating package script '/mnt/c/Users/Dane/ros2_ws/src/run_nav2/install/run_nav2/share/run_nav2/package.zsh'
[9.761s] Level 1:colcon.colcon_core.environment:create_file_with_runtime_dependencies(/mnt/c/Users/Dane/ros2_ws/src/run_nav2/install/run_nav2/share/colcon-core/packages/run_nav2)
[9.772s] DEBUG:colcon.colcon_parallel_executor.executor.parallel:closing loop
[9.772s] DEBUG:colcon.colcon_parallel_executor.executor.parallel:loop closed
[9.773s] DEBUG:colcon.colcon_parallel_executor.executor.parallel:run_until_complete finished with '0'
[9.773s] DEBUG:colcon.colcon_core.event_reactor:joining thread
[9.894s] INFO:colcon.colcon_core.plugin_system:Skipping extension 'colcon_notification.desktop_notification.notify_send': Could not find 'notify-send'
[9.894s] INFO:colcon.colcon_core.plugin_system:Skipping extension 'colcon_notification.desktop_notification.terminal_notifier': Not used on non-Darwin systems
[9.894s] INFO:colcon.colcon_core.plugin_system:Skipping extension 'colcon_notification.desktop_notification.win32': Not used on non-Windows systems
[9.895s] INFO:colcon.colcon_notification.desktop_notification:Sending desktop notification using 'notify2'
[9.899s] DEBUG:colcon.colcon_notification.desktop_notification.notify2:Failed to initialize notify2: org.freedesktop.DBus.Error.ServiceUnknown: The name org.freedesktop.Notifications was not provided by any .service files
[9.900s] DEBUG:colcon.colcon_core.event_reactor:joined thread
[9.900s] INFO:colcon.colcon_core.shell:Creating prefix script '/mnt/c/Users/Dane/ros2_ws/src/run_nav2/install/local_setup.sh'
[9.907s] INFO:colcon.colcon_core.shell:Creating prefix util module '/mnt/c/Users/Dane/ros2_ws/src/run_nav2/install/_local_setup_util_sh.py'
[9.918s] INFO:colcon.colcon_core.shell:Creating prefix chain script '/mnt/c/Users/Dane/ros2_ws/src/run_nav2/install/setup.sh'
[10.022s] INFO:colcon.colcon_core.shell:Creating prefix script '/mnt/c/Users/Dane/ros2_ws/src/run_nav2/install/local_setup.bash'
[10.029s] INFO:colcon.colcon_core.shell:Creating prefix chain script '/mnt/c/Users/Dane/ros2_ws/src/run_nav2/install/setup.bash'
[10.143s] INFO:colcon.colcon_core.shell:Creating prefix script '/mnt/c/Users/Dane/ros2_ws/src/run_nav2/install/local_setup.zsh'
[10.155s] INFO:colcon.colcon_core.shell:Creating prefix chain script '/mnt/c/Users/Dane/ros2_ws/src/run_nav2/install/setup.zsh'
