[0.390s] Invoking command in '/mnt/c/Users/Dane/ros2_ws/src/lazerbot_tf/build/lazerbot_tf': CMAKE_PREFIX_PATH=${CMAKE_PREFIX_PATH}:/mnt/c/Users/Dane/ros2_ws/src/install/tf_test:/mnt/c/Users/Dane/ros2_ws/src/install/run_nav2:/mnt/c/Users/Dane/ros2_ws/install/tf_test:/mnt/c/Users/Dane/ros2_ws/install/run_nav2:/opt/ros/jazzy /usr/bin/cmake --build /mnt/c/Users/Dane/ros2_ws/src/lazerbot_tf/build/lazerbot_tf -- -j8 -l8
[0.709s] Invoked command in '/mnt/c/Users/Dane/ros2_ws/src/lazerbot_tf/build/lazerbot_tf' returned '0': CMAKE_PREFIX_PATH=${CMAKE_PREFIX_PATH}:/mnt/c/Users/Dane/ros2_ws/src/install/tf_test:/mnt/c/Users/Dane/ros2_ws/src/install/run_nav2:/mnt/c/Users/Dane/ros2_ws/install/tf_test:/mnt/c/Users/Dane/ros2_ws/install/run_nav2:/opt/ros/jazzy /usr/bin/cmake --build /mnt/c/Users/Dane/ros2_ws/src/lazerbot_tf/build/lazerbot_tf -- -j8 -l8
[0.771s] Invoking command in '/mnt/c/Users/Dane/ros2_ws/src/lazerbot_tf/build/lazerbot_tf': CMAKE_PREFIX_PATH=${CMAKE_PREFIX_PATH}:/mnt/c/Users/Dane/ros2_ws/src/install/tf_test:/mnt/c/Users/Dane/ros2_ws/src/install/run_nav2:/mnt/c/Users/Dane/ros2_ws/install/tf_test:/mnt/c/Users/Dane/ros2_ws/install/run_nav2:/opt/ros/jazzy /usr/bin/cmake --install /mnt/c/Users/Dane/ros2_ws/src/lazerbot_tf/build/lazerbot_tf
[0.789s] -- Install configuration: ""
[0.802s] -- Up-to-date: /mnt/c/Users/Dane/ros2_ws/src/lazerbot_tf/install/lazerbot_tf/share/lazerbot_tf/src
[0.835s] -- Installing: /mnt/c/Users/Dane/ros2_ws/src/lazerbot_tf/install/lazerbot_tf/share/lazerbot_tf/src/lazerbot_tf.urdf
[0.922s] -- Up-to-date: /mnt/c/Users/Dane/ros2_ws/src/lazerbot_tf/install/lazerbot_tf/share/lazerbot_tf/launch
[0.952s] -- Up-to-date: /mnt/c/Users/Dane/ros2_ws/src/lazerbot_tf/install/lazerbot_tf/share/lazerbot_tf/launch/tf.launch.py
[0.975s] -- Up-to-date: /mnt/c/Users/Dane/ros2_ws/src/lazerbot_tf/install/lazerbot_tf/share/lazerbot_tf/launch/tf.rviz.py
[0.996s] -- Up-to-date: /mnt/c/Users/Dane/ros2_ws/src/lazerbot_tf/install/lazerbot_tf/share/lazerbot_tf/launch/tfrviz.launch.py
[1.021s] -- Up-to-date: /mnt/c/Users/Dane/ros2_ws/src/lazerbot_tf/install/lazerbot_tf/share/lazerbot_tf/rviz
[1.053s] -- Up-to-date: /mnt/c/Users/Dane/ros2_ws/src/lazerbot_tf/install/lazerbot_tf/share/lazerbot_tf/rviz/urdf_config.rviz
[1.103s] -- Up-to-date: /mnt/c/Users/Dane/ros2_ws/src/lazerbot_tf/install/lazerbot_tf/share/ament_index/resource_index/package_run_dependencies/lazerbot_tf
[1.150s] -- Up-to-date: /mnt/c/Users/Dane/ros2_ws/src/lazerbot_tf/install/lazerbot_tf/share/ament_index/resource_index/parent_prefix_path/lazerbot_tf
[1.171s] -- Up-to-date: /mnt/c/Users/Dane/ros2_ws/src/lazerbot_tf/install/lazerbot_tf/share/lazerbot_tf/environment/ament_prefix_path.sh
[1.199s] -- Up-to-date: /mnt/c/Users/Dane/ros2_ws/src/lazerbot_tf/install/lazerbot_tf/share/lazerbot_tf/environment/ament_prefix_path.dsv
[1.221s] -- Up-to-date: /mnt/c/Users/Dane/ros2_ws/src/lazerbot_tf/install/lazerbot_tf/share/lazerbot_tf/environment/path.sh
[1.247s] -- Up-to-date: /mnt/c/Users/Dane/ros2_ws/src/lazerbot_tf/install/lazerbot_tf/share/lazerbot_tf/environment/path.dsv
[1.269s] -- Up-to-date: /mnt/c/Users/Dane/ros2_ws/src/lazerbot_tf/install/lazerbot_tf/share/lazerbot_tf/local_setup.bash
[1.289s] -- Up-to-date: /mnt/c/Users/Dane/ros2_ws/src/lazerbot_tf/install/lazerbot_tf/share/lazerbot_tf/local_setup.sh
[1.313s] -- Up-to-date: /mnt/c/Users/Dane/ros2_ws/src/lazerbot_tf/install/lazerbot_tf/share/lazerbot_tf/local_setup.zsh
[1.336s] -- Up-to-date: /mnt/c/Users/Dane/ros2_ws/src/lazerbot_tf/install/lazerbot_tf/share/lazerbot_tf/local_setup.dsv
[1.362s] -- Installing: /mnt/c/Users/Dane/ros2_ws/src/lazerbot_tf/install/lazerbot_tf/share/lazerbot_tf/package.dsv
[1.484s] -- Up-to-date: /mnt/c/Users/Dane/ros2_ws/src/lazerbot_tf/install/lazerbot_tf/share/ament_index/resource_index/packages/lazerbot_tf
[1.515s] -- Up-to-date: /mnt/c/Users/Dane/ros2_ws/src/lazerbot_tf/install/lazerbot_tf/share/lazerbot_tf/cmake/lazerbot_tfConfig.cmake
[1.538s] -- Up-to-date: /mnt/c/Users/Dane/ros2_ws/src/lazerbot_tf/install/lazerbot_tf/share/lazerbot_tf/cmake/lazerbot_tfConfig-version.cmake
[1.564s] -- Up-to-date: /mnt/c/Users/Dane/ros2_ws/src/lazerbot_tf/install/lazerbot_tf/share/lazerbot_tf/package.xml
[1.578s] Invoked command in '/mnt/c/Users/Dane/ros2_ws/src/lazerbot_tf/build/lazerbot_tf' returned '0': CMAKE_PREFIX_PATH=${CMAKE_PREFIX_PATH}:/mnt/c/Users/Dane/ros2_ws/src/install/tf_test:/mnt/c/Users/Dane/ros2_ws/src/install/run_nav2:/mnt/c/Users/Dane/ros2_ws/install/tf_test:/mnt/c/Users/Dane/ros2_ws/install/run_nav2:/opt/ros/jazzy /usr/bin/cmake --install /mnt/c/Users/Dane/ros2_ws/src/lazerbot_tf/build/lazerbot_tf
