-- Install configuration: ""
-- Up-to-date: /mnt/c/Users/Dane/ros2_ws/src/lazerbot_tf/install/lazerbot_tf/share/lazerbot_tf/src
-- Installing: /mnt/c/Users/Dane/ros2_ws/src/lazerbot_tf/install/lazerbot_tf/share/lazerbot_tf/src/lazerbot_tf.urdf
-- Up-to-date: /mnt/c/Users/Dane/ros2_ws/src/lazerbot_tf/install/lazerbot_tf/share/lazerbot_tf/launch
-- Up-to-date: /mnt/c/Users/Dane/ros2_ws/src/lazerbot_tf/install/lazerbot_tf/share/lazerbot_tf/launch/tfrviz.launch.py
-- Up-to-date: /mnt/c/Users/Dane/ros2_ws/src/lazerbot_tf/install/lazerbot_tf/share/lazerbot_tf/rviz
-- Installing: /mnt/c/Users/Dane/ros2_ws/src/lazerbot_tf/install/lazerbot_tf/share/lazerbot_tf/rviz/urdf_config.rviz
-- Up-to-date: /mnt/c/Users/Dane/ros2_ws/src/lazerbot_tf/install/lazerbot_tf/share/ament_index/resource_index/package_run_dependencies/lazerbot_tf
-- Up-to-date: /mnt/c/Users/Dane/ros2_ws/src/lazerbot_tf/install/lazerbot_tf/share/ament_index/resource_index/parent_prefix_path/lazerbot_tf
-- Up-to-date: /mnt/c/Users/Dane/ros2_ws/src/lazerbot_tf/install/lazerbot_tf/share/lazerbot_tf/environment/ament_prefix_path.sh
-- Up-to-date: /mnt/c/Users/Dane/ros2_ws/src/lazerbot_tf/install/lazerbot_tf/share/lazerbot_tf/environment/ament_prefix_path.dsv
-- Up-to-date: /mnt/c/Users/Dane/ros2_ws/src/lazerbot_tf/install/lazerbot_tf/share/lazerbot_tf/environment/path.sh
-- Up-to-date: /mnt/c/Users/Dane/ros2_ws/src/lazerbot_tf/install/lazerbot_tf/share/lazerbot_tf/environment/path.dsv
-- Up-to-date: /mnt/c/Users/Dane/ros2_ws/src/lazerbot_tf/install/lazerbot_tf/share/lazerbot_tf/local_setup.bash
-- Up-to-date: /mnt/c/Users/Dane/ros2_ws/src/lazerbot_tf/install/lazerbot_tf/share/lazerbot_tf/local_setup.sh
-- Up-to-date: /mnt/c/Users/Dane/ros2_ws/src/lazerbot_tf/install/lazerbot_tf/share/lazerbot_tf/local_setup.zsh
-- Up-to-date: /mnt/c/Users/Dane/ros2_ws/src/lazerbot_tf/install/lazerbot_tf/share/lazerbot_tf/local_setup.dsv
-- Installing: /mnt/c/Users/Dane/ros2_ws/src/lazerbot_tf/install/lazerbot_tf/share/lazerbot_tf/package.dsv
-- Up-to-date: /mnt/c/Users/Dane/ros2_ws/src/lazerbot_tf/install/lazerbot_tf/share/ament_index/resource_index/packages/lazerbot_tf
-- Up-to-date: /mnt/c/Users/Dane/ros2_ws/src/lazerbot_tf/install/lazerbot_tf/share/lazerbot_tf/cmake/lazerbot_tfConfig.cmake
-- Up-to-date: /mnt/c/Users/Dane/ros2_ws/src/lazerbot_tf/install/lazerbot_tf/share/lazerbot_tf/cmake/lazerbot_tfConfig-version.cmake
-- Up-to-date: /mnt/c/Users/Dane/ros2_ws/src/lazerbot_tf/install/lazerbot_tf/share/lazerbot_tf/package.xml
