[0.326s] Invoking command in '/mnt/c/Users/Dane/ros2_ws/src/lazerbot_tf/build/lazerbot_tf': CMAKE_PREFIX_PATH=${CMAKE_PREFIX_PATH}:/opt/ros/jazzy /usr/bin/cmake --build /mnt/c/Users/Dane/ros2_ws/src/lazerbot_tf/build/lazerbot_tf -- -j8 -l8
[0.859s] Invoked command in '/mnt/c/Users/Dane/ros2_ws/src/lazerbot_tf/build/lazerbot_tf' returned '0': CMAKE_PREFIX_PATH=${CMAKE_PREFIX_PATH}:/opt/ros/jazzy /usr/bin/cmake --build /mnt/c/Users/Dane/ros2_ws/src/lazerbot_tf/build/lazerbot_tf -- -j8 -l8
[0.950s] Invoking command in '/mnt/c/Users/Dane/ros2_ws/src/lazerbot_tf/build/lazerbot_tf': CMAKE_PREFIX_PATH=${CMAKE_PREFIX_PATH}:/opt/ros/jazzy /usr/bin/cmake --install /mnt/c/Users/Dane/ros2_ws/src/lazerbot_tf/build/lazerbot_tf
[0.997s] -- Install configuration: ""
[1.020s] -- Up-to-date: /mnt/c/Users/Dane/ros2_ws/src/lazerbot_tf/install/lazerbot_tf/share/lazerbot_tf/src
[1.064s] -- Installing: /mnt/c/Users/Dane/ros2_ws/src/lazerbot_tf/install/lazerbot_tf/share/lazerbot_tf/src/lazerbot_tf.urdf
[1.264s] -- Up-to-date: /mnt/c/Users/Dane/ros2_ws/src/lazerbot_tf/install/lazerbot_tf/share/lazerbot_tf/launch
[1.320s] -- Up-to-date: /mnt/c/Users/Dane/ros2_ws/src/lazerbot_tf/install/lazerbot_tf/share/lazerbot_tf/launch/tfrviz.launch.py
[1.349s] -- Up-to-date: /mnt/c/Users/Dane/ros2_ws/src/lazerbot_tf/install/lazerbot_tf/share/lazerbot_tf/rviz
[1.385s] -- Installing: /mnt/c/Users/Dane/ros2_ws/src/lazerbot_tf/install/lazerbot_tf/share/lazerbot_tf/rviz/urdf_config.rviz
[1.506s] -- Up-to-date: /mnt/c/Users/Dane/ros2_ws/src/lazerbot_tf/install/lazerbot_tf/share/ament_index/resource_index/package_run_dependencies/lazerbot_tf
[1.543s] -- Up-to-date: /mnt/c/Users/Dane/ros2_ws/src/lazerbot_tf/install/lazerbot_tf/share/ament_index/resource_index/parent_prefix_path/lazerbot_tf
[1.563s] -- Up-to-date: /mnt/c/Users/Dane/ros2_ws/src/lazerbot_tf/install/lazerbot_tf/share/lazerbot_tf/environment/ament_prefix_path.sh
[1.587s] -- Up-to-date: /mnt/c/Users/Dane/ros2_ws/src/lazerbot_tf/install/lazerbot_tf/share/lazerbot_tf/environment/ament_prefix_path.dsv
[1.605s] -- Up-to-date: /mnt/c/Users/Dane/ros2_ws/src/lazerbot_tf/install/lazerbot_tf/share/lazerbot_tf/environment/path.sh
[1.627s] -- Up-to-date: /mnt/c/Users/Dane/ros2_ws/src/lazerbot_tf/install/lazerbot_tf/share/lazerbot_tf/environment/path.dsv
[1.648s] -- Up-to-date: /mnt/c/Users/Dane/ros2_ws/src/lazerbot_tf/install/lazerbot_tf/share/lazerbot_tf/local_setup.bash
[1.669s] -- Up-to-date: /mnt/c/Users/Dane/ros2_ws/src/lazerbot_tf/install/lazerbot_tf/share/lazerbot_tf/local_setup.sh
[1.690s] -- Up-to-date: /mnt/c/Users/Dane/ros2_ws/src/lazerbot_tf/install/lazerbot_tf/share/lazerbot_tf/local_setup.zsh
[1.710s] -- Up-to-date: /mnt/c/Users/Dane/ros2_ws/src/lazerbot_tf/install/lazerbot_tf/share/lazerbot_tf/local_setup.dsv
[1.731s] -- Installing: /mnt/c/Users/Dane/ros2_ws/src/lazerbot_tf/install/lazerbot_tf/share/lazerbot_tf/package.dsv
[1.824s] -- Up-to-date: /mnt/c/Users/Dane/ros2_ws/src/lazerbot_tf/install/lazerbot_tf/share/ament_index/resource_index/packages/lazerbot_tf
[1.849s] -- Up-to-date: /mnt/c/Users/Dane/ros2_ws/src/lazerbot_tf/install/lazerbot_tf/share/lazerbot_tf/cmake/lazerbot_tfConfig.cmake
[1.869s] -- Up-to-date: /mnt/c/Users/Dane/ros2_ws/src/lazerbot_tf/install/lazerbot_tf/share/lazerbot_tf/cmake/lazerbot_tfConfig-version.cmake
[1.887s] -- Up-to-date: /mnt/c/Users/Dane/ros2_ws/src/lazerbot_tf/install/lazerbot_tf/share/lazerbot_tf/package.xml
[1.900s] Invoked command in '/mnt/c/Users/Dane/ros2_ws/src/lazerbot_tf/build/lazerbot_tf' returned '0': CMAKE_PREFIX_PATH=${CMAKE_PREFIX_PATH}:/opt/ros/jazzy /usr/bin/cmake --install /mnt/c/Users/Dane/ros2_ws/src/lazerbot_tf/build/lazerbot_tf
