[5.946s] Invoking command in '/mnt/c/Users/Dane/ros2_ws/src/run_nav2': PYTHONPATH=/mnt/c/Users/Dane/ros2_ws/src/run_nav2/build/run_nav2/prefix_override:/usr/lib/python3/dist-packages/colcon_core/task/python/colcon_distutils_commands:/mnt/c/Users/Dane/ros2_ws/src/run_nav2/install/run_nav2/lib/python3.12/site-packages:${PYTHONPATH} /usr/bin/python3 -W ignore:setup.py install is deprecated setup.py egg_info --egg-base build/run_nav2 build --build-base /mnt/c/Users/Dane/ros2_ws/src/run_nav2/build/run_nav2/build install --record /mnt/c/Users/Dane/ros2_ws/src/run_nav2/build/run_nav2/install.log --single-version-externally-managed install_data
[9.718s] running egg_info
[9.861s] writing build/run_nav2/run_nav2.egg-info/PKG-INFO
[9.891s] writing dependency_links to build/run_nav2/run_nav2.egg-info/dependency_links.txt
[10.023s] writing entry points to build/run_nav2/run_nav2.egg-info/entry_points.txt
[10.139s] writing requirements to build/run_nav2/run_nav2.egg-info/requires.txt
[10.149s] writing top-level names to build/run_nav2/run_nav2.egg-info/top_level.txt
[10.399s] reading manifest file 'build/run_nav2/run_nav2.egg-info/SOURCES.txt'
[10.671s] writing manifest file 'build/run_nav2/run_nav2.egg-info/SOURCES.txt'
[10.683s] running build
[10.687s] running build_py
[10.745s] running install
[10.789s] running install_lib
[10.935s] running install_data
[10.971s] copying package.xml -> /mnt/c/Users/Dane/ros2_ws/src/run_nav2/install/run_nav2/share/run_nav2
[11.003s] creating /mnt/c/Users/Dane/ros2_ws/src/run_nav2/install/run_nav2/share/run_nav2/launch
[11.017s] copying launch/nav2_proxy.launch.py -> /mnt/c/Users/Dane/ros2_ws/src/run_nav2/install/run_nav2/share/run_nav2/launch
[11.041s] running install_egg_info
[11.111s] removing '/mnt/c/Users/Dane/ros2_ws/src/run_nav2/install/run_nav2/lib/python3.12/site-packages/run_nav2-0.0.0-py3.12.egg-info' (and everything under it)
[11.185s] Copying build/run_nav2/run_nav2.egg-info to /mnt/c/Users/Dane/ros2_ws/src/run_nav2/install/run_nav2/lib/python3.12/site-packages/run_nav2-0.0.0-py3.12.egg-info
[11.536s] running install_scripts
[12.120s] Installing goalpose script to /mnt/c/Users/Dane/ros2_ws/src/run_nav2/install/run_nav2/lib/run_nav2
[12.135s] writing list of installed files to '/mnt/c/Users/Dane/ros2_ws/src/run_nav2/build/run_nav2/install.log'
[12.181s] Invoked command in '/mnt/c/Users/Dane/ros2_ws/src/run_nav2' returned '0': PYTHONPATH=/mnt/c/Users/Dane/ros2_ws/src/run_nav2/build/run_nav2/prefix_override:/usr/lib/python3/dist-packages/colcon_core/task/python/colcon_distutils_commands:/mnt/c/Users/Dane/ros2_ws/src/run_nav2/install/run_nav2/lib/python3.12/site-packages:${PYTHONPATH} /usr/bin/python3 -W ignore:setup.py install is deprecated setup.py egg_info --egg-base build/run_nav2 build --build-base /mnt/c/Users/Dane/ros2_ws/src/run_nav2/build/run_nav2/build install --record /mnt/c/Users/Dane/ros2_ws/src/run_nav2/build/run_nav2/install.log --single-version-externally-managed install_data
