[0.296s] DEBUG:colcon:Command line arguments: ['/usr/bin/colcon', 'build']
[0.296s] DEBUG:colcon:Parsed command line arguments: Namespace(log_base=None, log_level=None, verb_name='build', build_base='build', install_base='install', merge_install=False, symlink_install=False, test_result_base=None, continue_on_error=False, executor='parallel', parallel_workers=8, event_handlers=None, ignore_user_meta=False, metas=['./colcon.meta'], base_paths=['.'], packages_ignore=None, packages_ignore_regex=None, paths=None, packages_up_to=None, packages_up_to_regex=None, packages_above=None, packages_above_and_dependencies=None, packages_above_depth=None, packages_select_by_dep=None, packages_skip_by_dep=None, packages_skip_up_to=None, packages_select_build_failed=False, packages_skip_build_finished=False, packages_select_test_failures=False, packages_skip_test_passed=False, packages_select=None, packages_skip=None, packages_select_regex=None, packages_skip_regex=None, packages_start=None, packages_end=None, cmake_args=None, cmake_target=None, cmake_target_skip_unavailable=False, cmake_clean_cache=False, cmake_clean_first=False, cmake_force_configure=False, ament_cmake_args=None, catkin_cmake_args=None, catkin_skip_building_tests=False, verb_parser=<colcon_defaults.argument_parser.defaults.DefaultArgumentsDecorator object at 0x7fe4cd4c9490>, verb_extension=<colcon_core.verb.build.BuildVerb object at 0x7fe4cd60faa0>, main=<bound method BuildVerb.main of <colcon_core.verb.build.BuildVerb object at 0x7fe4cd60faa0>>)
[0.399s] Level 1:colcon.colcon_core.package_discovery:discover_packages(colcon_meta) check parameters
[0.400s] Level 1:colcon.colcon_core.package_discovery:discover_packages(recursive) check parameters
[0.401s] Level 1:colcon.colcon_core.package_discovery:discover_packages(ignore) check parameters
[0.402s] Level 1:colcon.colcon_core.package_discovery:discover_packages(path) check parameters
[0.402s] Level 1:colcon.colcon_core.package_discovery:discover_packages(colcon_meta) discover
[0.403s] Level 1:colcon.colcon_core.package_discovery:discover_packages(recursive) discover
[0.404s] INFO:colcon.colcon_core.package_discovery:Crawling recursively for packages in '/mnt/c/Users/Dane/ros2_ws/src/lazerbot_tf'
[0.409s] Level 1:colcon.colcon_core.package_identification:_identify(.) by extensions ['ignore', 'ignore_ament_install']
[0.409s] Level 1:colcon.colcon_core.package_identification:_identify(.) by extension 'ignore'
[0.410s] Level 1:colcon.colcon_core.package_identification:_identify(.) by extension 'ignore_ament_install'
[0.411s] Level 1:colcon.colcon_core.package_identification:_identify(.) by extensions ['colcon_pkg']
[0.411s] Level 1:colcon.colcon_core.package_identification:_identify(.) by extension 'colcon_pkg'
[0.412s] Level 1:colcon.colcon_core.package_identification:_identify(.) by extensions ['colcon_meta']
[0.412s] Level 1:colcon.colcon_core.package_identification:_identify(.) by extension 'colcon_meta'
[0.412s] Level 1:colcon.colcon_core.package_identification:_identify(.) by extensions ['ros']
[0.412s] Level 1:colcon.colcon_core.package_identification:_identify(.) by extension 'ros'
[0.489s] DEBUG:colcon.colcon_core.package_identification:Package '.' with type 'ros.ament_cmake' and name 'lazerbot_tf'
[0.490s] Level 1:colcon.colcon_core.package_discovery:discover_packages(recursive) using defaults
[0.490s] Level 1:colcon.colcon_core.package_discovery:discover_packages(ignore) discover
[0.491s] Level 1:colcon.colcon_core.package_discovery:discover_packages(ignore) using defaults
[0.491s] Level 1:colcon.colcon_core.package_discovery:discover_packages(path) discover
[0.492s] Level 1:colcon.colcon_core.package_discovery:discover_packages(path) using defaults
[0.540s] Level 5:colcon.colcon_core.verb:set package 'lazerbot_tf' build argument 'cmake_args' from command line to 'None'
[0.541s] Level 5:colcon.colcon_core.verb:set package 'lazerbot_tf' build argument 'cmake_target' from command line to 'None'
[0.541s] Level 5:colcon.colcon_core.verb:set package 'lazerbot_tf' build argument 'cmake_target_skip_unavailable' from command line to 'False'
[0.542s] Level 5:colcon.colcon_core.verb:set package 'lazerbot_tf' build argument 'cmake_clean_cache' from command line to 'False'
[0.542s] Level 5:colcon.colcon_core.verb:set package 'lazerbot_tf' build argument 'cmake_clean_first' from command line to 'False'
[0.543s] Level 5:colcon.colcon_core.verb:set package 'lazerbot_tf' build argument 'cmake_force_configure' from command line to 'False'
[0.543s] Level 5:colcon.colcon_core.verb:set package 'lazerbot_tf' build argument 'ament_cmake_args' from command line to 'None'
[0.543s] Level 5:colcon.colcon_core.verb:set package 'lazerbot_tf' build argument 'catkin_cmake_args' from command line to 'None'
[0.544s] Level 5:colcon.colcon_core.verb:set package 'lazerbot_tf' build argument 'catkin_skip_building_tests' from command line to 'False'
[0.545s] DEBUG:colcon.colcon_core.verb:Building package 'lazerbot_tf' with the following arguments: {'ament_cmake_args': None, 'build_base': '/mnt/c/Users/Dane/ros2_ws/src/lazerbot_tf/build/lazerbot_tf', 'catkin_cmake_args': None, 'catkin_skip_building_tests': False, 'cmake_args': None, 'cmake_clean_cache': False, 'cmake_clean_first': False, 'cmake_force_configure': False, 'cmake_target': None, 'cmake_target_skip_unavailable': False, 'install_base': '/mnt/c/Users/Dane/ros2_ws/src/lazerbot_tf/install/lazerbot_tf', 'merge_install': False, 'path': '/mnt/c/Users/Dane/ros2_ws/src/lazerbot_tf', 'symlink_install': False, 'test_result_base': None}
[0.546s] INFO:colcon.colcon_core.executor:Executing jobs using 'parallel' executor
[0.548s] DEBUG:colcon.colcon_parallel_executor.executor.parallel:run_until_complete
[0.549s] INFO:colcon.colcon_ros.task.ament_cmake.build:Building ROS package in '/mnt/c/Users/Dane/ros2_ws/src/lazerbot_tf' with build type 'ament_cmake'
[0.550s] INFO:colcon.colcon_cmake.task.cmake.build:Building CMake package in '/mnt/c/Users/Dane/ros2_ws/src/lazerbot_tf'
[0.559s] INFO:colcon.colcon_core.plugin_system:Skipping extension 'colcon_core.shell.bat': Not used on non-Windows systems
[0.560s] DEBUG:colcon.colcon_core.shell:Skip shell extension 'dsv' for command environment
[0.885s] DEBUG:colcon.colcon_core.event_handler.log_command:Invoking command in '/mnt/c/Users/Dane/ros2_ws/src/lazerbot_tf/build/lazerbot_tf': CMAKE_PREFIX_PATH=${CMAKE_PREFIX_PATH}:/opt/ros/jazzy /usr/bin/cmake --build /mnt/c/Users/Dane/ros2_ws/src/lazerbot_tf/build/lazerbot_tf -- -j8 -l8
[1.416s] DEBUG:colcon.colcon_core.event_handler.log_command:Invoked command in '/mnt/c/Users/Dane/ros2_ws/src/lazerbot_tf/build/lazerbot_tf' returned '0': CMAKE_PREFIX_PATH=${CMAKE_PREFIX_PATH}:/opt/ros/jazzy /usr/bin/cmake --build /mnt/c/Users/Dane/ros2_ws/src/lazerbot_tf/build/lazerbot_tf -- -j8 -l8
[1.508s] DEBUG:colcon.colcon_core.event_handler.log_command:Invoking command in '/mnt/c/Users/Dane/ros2_ws/src/lazerbot_tf/build/lazerbot_tf': CMAKE_PREFIX_PATH=${CMAKE_PREFIX_PATH}:/opt/ros/jazzy /usr/bin/cmake --install /mnt/c/Users/Dane/ros2_ws/src/lazerbot_tf/build/lazerbot_tf
[2.455s] Level 1:colcon.colcon_core.environment:create_environment_scripts_only(lazerbot_tf)
[2.458s] DEBUG:colcon.colcon_core.event_handler.log_command:Invoked command in '/mnt/c/Users/Dane/ros2_ws/src/lazerbot_tf/build/lazerbot_tf' returned '0': CMAKE_PREFIX_PATH=${CMAKE_PREFIX_PATH}:/opt/ros/jazzy /usr/bin/cmake --install /mnt/c/Users/Dane/ros2_ws/src/lazerbot_tf/build/lazerbot_tf
[2.460s] Level 1:colcon.colcon_core.environment:checking '/mnt/c/Users/Dane/ros2_ws/src/lazerbot_tf/install/lazerbot_tf' for CMake module files
[2.605s] Level 1:colcon.colcon_core.environment:checking '/mnt/c/Users/Dane/ros2_ws/src/lazerbot_tf/install/lazerbot_tf' for CMake config files
[2.696s] Level 1:colcon.colcon_core.shell:create_environment_hook('lazerbot_tf', 'cmake_prefix_path')
[2.697s] INFO:colcon.colcon_core.shell:Creating environment descriptor '/mnt/c/Users/Dane/ros2_ws/src/lazerbot_tf/install/lazerbot_tf/share/lazerbot_tf/hook/cmake_prefix_path.dsv'
[2.716s] INFO:colcon.colcon_core.shell:Creating environment hook '/mnt/c/Users/Dane/ros2_ws/src/lazerbot_tf/install/lazerbot_tf/share/lazerbot_tf/hook/cmake_prefix_path.sh'
[2.778s] Level 1:colcon.colcon_core.environment:checking '/mnt/c/Users/Dane/ros2_ws/src/lazerbot_tf/install/lazerbot_tf/bin'
[2.783s] Level 1:colcon.colcon_core.environment:checking '/mnt/c/Users/Dane/ros2_ws/src/lazerbot_tf/install/lazerbot_tf/lib/pkgconfig/lazerbot_tf.pc'
[2.791s] Level 1:colcon.colcon_core.environment:checking '/mnt/c/Users/Dane/ros2_ws/src/lazerbot_tf/install/lazerbot_tf/lib/python3.12/site-packages'
[2.794s] Level 1:colcon.colcon_core.environment:checking '/mnt/c/Users/Dane/ros2_ws/src/lazerbot_tf/install/lazerbot_tf/bin'
[2.798s] INFO:colcon.colcon_core.shell:Creating package descriptor '/mnt/c/Users/Dane/ros2_ws/src/lazerbot_tf/install/lazerbot_tf/share/lazerbot_tf/package.dsv'
[2.821s] INFO:colcon.colcon_core.shell:Creating package script '/mnt/c/Users/Dane/ros2_ws/src/lazerbot_tf/install/lazerbot_tf/share/lazerbot_tf/package.sh'
[2.844s] INFO:colcon.colcon_core.shell:Creating package script '/mnt/c/Users/Dane/ros2_ws/src/lazerbot_tf/install/lazerbot_tf/share/lazerbot_tf/package.bash'
[2.915s] INFO:colcon.colcon_core.shell:Creating package script '/mnt/c/Users/Dane/ros2_ws/src/lazerbot_tf/install/lazerbot_tf/share/lazerbot_tf/package.zsh'
[2.966s] Level 1:colcon.colcon_core.environment:create_file_with_runtime_dependencies(/mnt/c/Users/Dane/ros2_ws/src/lazerbot_tf/install/lazerbot_tf/share/colcon-core/packages/lazerbot_tf)
[3.057s] Level 1:colcon.colcon_core.environment:create_environment_scripts_only(lazerbot_tf)
[3.057s] Level 1:colcon.colcon_core.environment:checking '/mnt/c/Users/Dane/ros2_ws/src/lazerbot_tf/install/lazerbot_tf' for CMake module files
[3.147s] Level 1:colcon.colcon_core.environment:checking '/mnt/c/Users/Dane/ros2_ws/src/lazerbot_tf/install/lazerbot_tf' for CMake config files
[3.221s] Level 1:colcon.colcon_core.shell:create_environment_hook('lazerbot_tf', 'cmake_prefix_path')
[3.222s] INFO:colcon.colcon_core.shell:Creating environment descriptor '/mnt/c/Users/Dane/ros2_ws/src/lazerbot_tf/install/lazerbot_tf/share/lazerbot_tf/hook/cmake_prefix_path.dsv'
[3.245s] INFO:colcon.colcon_core.shell:Creating environment hook '/mnt/c/Users/Dane/ros2_ws/src/lazerbot_tf/install/lazerbot_tf/share/lazerbot_tf/hook/cmake_prefix_path.sh'
[3.272s] Level 1:colcon.colcon_core.environment:checking '/mnt/c/Users/Dane/ros2_ws/src/lazerbot_tf/install/lazerbot_tf/bin'
[3.274s] Level 1:colcon.colcon_core.environment:checking '/mnt/c/Users/Dane/ros2_ws/src/lazerbot_tf/install/lazerbot_tf/lib/pkgconfig/lazerbot_tf.pc'
[3.276s] Level 1:colcon.colcon_core.environment:checking '/mnt/c/Users/Dane/ros2_ws/src/lazerbot_tf/install/lazerbot_tf/lib/python3.12/site-packages'
[3.278s] Level 1:colcon.colcon_core.environment:checking '/mnt/c/Users/Dane/ros2_ws/src/lazerbot_tf/install/lazerbot_tf/bin'
[3.281s] INFO:colcon.colcon_core.shell:Creating package descriptor '/mnt/c/Users/Dane/ros2_ws/src/lazerbot_tf/install/lazerbot_tf/share/lazerbot_tf/package.dsv'
[3.298s] INFO:colcon.colcon_core.shell:Creating package script '/mnt/c/Users/Dane/ros2_ws/src/lazerbot_tf/install/lazerbot_tf/share/lazerbot_tf/package.sh'
[3.316s] INFO:colcon.colcon_core.shell:Creating package script '/mnt/c/Users/Dane/ros2_ws/src/lazerbot_tf/install/lazerbot_tf/share/lazerbot_tf/package.bash'
[3.333s] INFO:colcon.colcon_core.shell:Creating package script '/mnt/c/Users/Dane/ros2_ws/src/lazerbot_tf/install/lazerbot_tf/share/lazerbot_tf/package.zsh'
[3.347s] Level 1:colcon.colcon_core.environment:create_file_with_runtime_dependencies(/mnt/c/Users/Dane/ros2_ws/src/lazerbot_tf/install/lazerbot_tf/share/colcon-core/packages/lazerbot_tf)
[3.359s] DEBUG:colcon.colcon_parallel_executor.executor.parallel:closing loop
[3.360s] DEBUG:colcon.colcon_parallel_executor.executor.parallel:loop closed
[3.360s] DEBUG:colcon.colcon_parallel_executor.executor.parallel:run_until_complete finished with '0'
[3.361s] DEBUG:colcon.colcon_core.event_reactor:joining thread
[3.441s] INFO:colcon.colcon_core.plugin_system:Skipping extension 'colcon_notification.desktop_notification.notify_send': Could not find 'notify-send'
[3.441s] INFO:colcon.colcon_core.plugin_system:Skipping extension 'colcon_notification.desktop_notification.terminal_notifier': Not used on non-Darwin systems
[3.441s] INFO:colcon.colcon_core.plugin_system:Skipping extension 'colcon_notification.desktop_notification.win32': Not used on non-Windows systems
[3.441s] INFO:colcon.colcon_notification.desktop_notification:Sending desktop notification using 'notify2'
[3.447s] DEBUG:colcon.colcon_notification.desktop_notification.notify2:Failed to initialize notify2: org.freedesktop.DBus.Error.ServiceUnknown: The name org.freedesktop.Notifications was not provided by any .service files
[3.447s] DEBUG:colcon.colcon_core.event_reactor:joined thread
[3.448s] INFO:colcon.colcon_core.shell:Creating prefix script '/mnt/c/Users/Dane/ros2_ws/src/lazerbot_tf/install/local_setup.sh'
[3.456s] INFO:colcon.colcon_core.shell:Creating prefix util module '/mnt/c/Users/Dane/ros2_ws/src/lazerbot_tf/install/_local_setup_util_sh.py'
[3.465s] INFO:colcon.colcon_core.shell:Creating prefix chain script '/mnt/c/Users/Dane/ros2_ws/src/lazerbot_tf/install/setup.sh'
[3.476s] INFO:colcon.colcon_core.shell:Creating prefix script '/mnt/c/Users/Dane/ros2_ws/src/lazerbot_tf/install/local_setup.bash'
[3.485s] INFO:colcon.colcon_core.shell:Creating prefix chain script '/mnt/c/Users/Dane/ros2_ws/src/lazerbot_tf/install/setup.bash'
[3.493s] INFO:colcon.colcon_core.shell:Creating prefix script '/mnt/c/Users/Dane/ros2_ws/src/lazerbot_tf/install/local_setup.zsh'
[3.505s] INFO:colcon.colcon_core.shell:Creating prefix chain script '/mnt/c/Users/Dane/ros2_ws/src/lazerbot_tf/install/setup.zsh'
