[4.905s] Invoking command in '/mnt/c/Users/Dane/ros2_ws/src/run_nav2': PYTHONPATH=/mnt/c/Users/Dane/ros2_ws/src/run_nav2/build/run_nav2/prefix_override:/usr/lib/python3/dist-packages/colcon_core/task/python/colcon_distutils_commands:/mnt/c/Users/Dane/ros2_ws/src/run_nav2/install/run_nav2/lib/python3.12/site-packages:${PYTHONPATH} /usr/bin/python3 -W ignore:setup.py install is deprecated setup.py egg_info --egg-base build/run_nav2 build --build-base /mnt/c/Users/Dane/ros2_ws/src/run_nav2/build/run_nav2/build install --record /mnt/c/Users/Dane/ros2_ws/src/run_nav2/build/run_nav2/install.log --single-version-externally-managed install_data
[6.552s] running egg_info
[6.603s] writing build/run_nav2/run_nav2.egg-info/PKG-INFO
[6.619s] writing dependency_links to build/run_nav2/run_nav2.egg-info/dependency_links.txt
[6.628s] writing entry points to build/run_nav2/run_nav2.egg-info/entry_points.txt
[6.634s] writing requirements to build/run_nav2/run_nav2.egg-info/requires.txt
[6.639s] writing top-level names to build/run_nav2/run_nav2.egg-info/top_level.txt
[6.772s] reading manifest file 'build/run_nav2/run_nav2.egg-info/SOURCES.txt'
[6.865s] writing manifest file 'build/run_nav2/run_nav2.egg-info/SOURCES.txt'
[6.869s] running build
[6.871s] running build_py
[6.889s] copying run_nav2/goalpose.py -> /mnt/c/Users/Dane/ros2_ws/src/run_nav2/build/run_nav2/build/lib/run_nav2
[6.923s] running install
[6.939s] running install_lib
[7.048s] copying /mnt/c/Users/Dane/ros2_ws/src/run_nav2/build/run_nav2/build/lib/run_nav2/goalpose.py -> /mnt/c/Users/Dane/ros2_ws/src/run_nav2/install/run_nav2/lib/python3.12/site-packages/run_nav2
[7.124s] byte-compiling /mnt/c/Users/Dane/ros2_ws/src/run_nav2/install/run_nav2/lib/python3.12/site-packages/run_nav2/goalpose.py to goalpose.cpython-312.pyc
[7.181s] running install_data
[7.212s] copying package.xml -> /mnt/c/Users/Dane/ros2_ws/src/run_nav2/install/run_nav2/share/run_nav2
[7.261s] running install_egg_info
[7.356s] removing '/mnt/c/Users/Dane/ros2_ws/src/run_nav2/install/run_nav2/lib/python3.12/site-packages/run_nav2-0.0.0-py3.12.egg-info' (and everything under it)
[7.448s] Copying build/run_nav2/run_nav2.egg-info to /mnt/c/Users/Dane/ros2_ws/src/run_nav2/install/run_nav2/lib/python3.12/site-packages/run_nav2-0.0.0-py3.12.egg-info
[7.757s] running install_scripts
[8.400s] Installing goalpose script to /mnt/c/Users/Dane/ros2_ws/src/run_nav2/install/run_nav2/lib/run_nav2
[8.416s] writing list of installed files to '/mnt/c/Users/Dane/ros2_ws/src/run_nav2/build/run_nav2/install.log'
[8.451s] Invoked command in '/mnt/c/Users/Dane/ros2_ws/src/run_nav2' returned '0': PYTHONPATH=/mnt/c/Users/Dane/ros2_ws/src/run_nav2/build/run_nav2/prefix_override:/usr/lib/python3/dist-packages/colcon_core/task/python/colcon_distutils_commands:/mnt/c/Users/Dane/ros2_ws/src/run_nav2/install/run_nav2/lib/python3.12/site-packages:${PYTHONPATH} /usr/bin/python3 -W ignore:setup.py install is deprecated setup.py egg_info --egg-base build/run_nav2 build --build-base /mnt/c/Users/Dane/ros2_ws/src/run_nav2/build/run_nav2/build install --record /mnt/c/Users/Dane/ros2_ws/src/run_nav2/build/run_nav2/install.log --single-version-externally-managed install_data
