[0.604s] Invoking command in '/mnt/c/Users/Dane/ros2_ws/src/lazerbot_tf/build/lazerbot_tf': CMAKE_PREFIX_PATH=${CMAKE_PREFIX_PATH}:/mnt/c/Users/Dane/ros2_ws/src/install/tf_test:/mnt/c/Users/Dane/ros2_ws/src/install/run_nav2:/mnt/c/Users/Dane/ros2_ws/install/tf_test:/mnt/c/Users/Dane/ros2_ws/install/run_nav2:/opt/ros/jazzy /usr/bin/cmake --build /mnt/c/Users/Dane/ros2_ws/src/lazerbot_tf/build/lazerbot_tf -- -j8 -l8
[0.939s] Invoked command in '/mnt/c/Users/Dane/ros2_ws/src/lazerbot_tf/build/lazerbot_tf' returned '0': CMAKE_PREFIX_PATH=${CMAKE_PREFIX_PATH}:/mnt/c/Users/Dane/ros2_ws/src/install/tf_test:/mnt/c/Users/Dane/ros2_ws/src/install/run_nav2:/mnt/c/Users/Dane/ros2_ws/install/tf_test:/mnt/c/Users/Dane/ros2_ws/install/run_nav2:/opt/ros/jazzy /usr/bin/cmake --build /mnt/c/Users/Dane/ros2_ws/src/lazerbot_tf/build/lazerbot_tf -- -j8 -l8
[1.020s] Invoking command in '/mnt/c/Users/Dane/ros2_ws/src/lazerbot_tf/build/lazerbot_tf': CMAKE_PREFIX_PATH=${CMAKE_PREFIX_PATH}:/mnt/c/Users/Dane/ros2_ws/src/install/tf_test:/mnt/c/Users/Dane/ros2_ws/src/install/run_nav2:/mnt/c/Users/Dane/ros2_ws/install/tf_test:/mnt/c/Users/Dane/ros2_ws/install/run_nav2:/opt/ros/jazzy /usr/bin/cmake --install /mnt/c/Users/Dane/ros2_ws/src/lazerbot_tf/build/lazerbot_tf
[1.036s] -- Install configuration: ""
[1.046s] -- Up-to-date: /mnt/c/Users/Dane/ros2_ws/src/lazerbot_tf/install/lazerbot_tf/share/lazerbot_tf/src
[1.070s] -- Installing: /mnt/c/Users/Dane/ros2_ws/src/lazerbot_tf/install/lazerbot_tf/share/lazerbot_tf/src/lazerbot_tf.urdf
[1.148s] -- Up-to-date: /mnt/c/Users/Dane/ros2_ws/src/lazerbot_tf/install/lazerbot_tf/share/lazerbot_tf/launch
[1.175s] -- Up-to-date: /mnt/c/Users/Dane/ros2_ws/src/lazerbot_tf/install/lazerbot_tf/share/lazerbot_tf/launch/tf.launch.py
[1.199s] -- Up-to-date: /mnt/c/Users/Dane/ros2_ws/src/lazerbot_tf/install/lazerbot_tf/share/lazerbot_tf/launch/tf.rviz.py
[1.221s] -- Up-to-date: /mnt/c/Users/Dane/ros2_ws/src/lazerbot_tf/install/lazerbot_tf/share/lazerbot_tf/launch/tfrviz.launch.py
[1.236s] -- Up-to-date: /mnt/c/Users/Dane/ros2_ws/src/lazerbot_tf/install/lazerbot_tf/share/lazerbot_tf/rviz
[1.258s] -- Up-to-date: /mnt/c/Users/Dane/ros2_ws/src/lazerbot_tf/install/lazerbot_tf/share/lazerbot_tf/rviz/urdf_config.rviz
[1.294s] -- Up-to-date: /mnt/c/Users/Dane/ros2_ws/src/lazerbot_tf/install/lazerbot_tf/share/ament_index/resource_index/package_run_dependencies/lazerbot_tf
[1.365s] -- Up-to-date: /mnt/c/Users/Dane/ros2_ws/src/lazerbot_tf/install/lazerbot_tf/share/ament_index/resource_index/parent_prefix_path/lazerbot_tf
[1.403s] -- Up-to-date: /mnt/c/Users/Dane/ros2_ws/src/lazerbot_tf/install/lazerbot_tf/share/lazerbot_tf/environment/ament_prefix_path.sh
[1.448s] -- Up-to-date: /mnt/c/Users/Dane/ros2_ws/src/lazerbot_tf/install/lazerbot_tf/share/lazerbot_tf/environment/ament_prefix_path.dsv
[1.480s] -- Up-to-date: /mnt/c/Users/Dane/ros2_ws/src/lazerbot_tf/install/lazerbot_tf/share/lazerbot_tf/environment/path.sh
[1.525s] -- Up-to-date: /mnt/c/Users/Dane/ros2_ws/src/lazerbot_tf/install/lazerbot_tf/share/lazerbot_tf/environment/path.dsv
[1.563s] -- Up-to-date: /mnt/c/Users/Dane/ros2_ws/src/lazerbot_tf/install/lazerbot_tf/share/lazerbot_tf/local_setup.bash
[1.598s] -- Up-to-date: /mnt/c/Users/Dane/ros2_ws/src/lazerbot_tf/install/lazerbot_tf/share/lazerbot_tf/local_setup.sh
[1.634s] -- Up-to-date: /mnt/c/Users/Dane/ros2_ws/src/lazerbot_tf/install/lazerbot_tf/share/lazerbot_tf/local_setup.zsh
[1.658s] -- Up-to-date: /mnt/c/Users/Dane/ros2_ws/src/lazerbot_tf/install/lazerbot_tf/share/lazerbot_tf/local_setup.dsv
[1.680s] -- Installing: /mnt/c/Users/Dane/ros2_ws/src/lazerbot_tf/install/lazerbot_tf/share/lazerbot_tf/package.dsv
[1.843s] -- Up-to-date: /mnt/c/Users/Dane/ros2_ws/src/lazerbot_tf/install/lazerbot_tf/share/ament_index/resource_index/packages/lazerbot_tf
[1.875s] -- Up-to-date: /mnt/c/Users/Dane/ros2_ws/src/lazerbot_tf/install/lazerbot_tf/share/lazerbot_tf/cmake/lazerbot_tfConfig.cmake
[1.893s] -- Up-to-date: /mnt/c/Users/Dane/ros2_ws/src/lazerbot_tf/install/lazerbot_tf/share/lazerbot_tf/cmake/lazerbot_tfConfig-version.cmake
[1.952s] -- Up-to-date: /mnt/c/Users/Dane/ros2_ws/src/lazerbot_tf/install/lazerbot_tf/share/lazerbot_tf/package.xml
[1.973s] Invoked command in '/mnt/c/Users/Dane/ros2_ws/src/lazerbot_tf/build/lazerbot_tf' returned '0': CMAKE_PREFIX_PATH=${CMAKE_PREFIX_PATH}:/mnt/c/Users/Dane/ros2_ws/src/install/tf_test:/mnt/c/Users/Dane/ros2_ws/src/install/run_nav2:/mnt/c/Users/Dane/ros2_ws/install/tf_test:/mnt/c/Users/Dane/ros2_ws/install/run_nav2:/opt/ros/jazzy /usr/bin/cmake --install /mnt/c/Users/Dane/ros2_ws/src/lazerbot_tf/build/lazerbot_tf
