[4.594s] Invoking command in '/mnt/c/Users/Dane/ros2_ws/src/run_nav2': PYTHONPATH=/mnt/c/Users/Dane/ros2_ws/src/run_nav2/build/run_nav2/prefix_override:/usr/lib/python3/dist-packages/colcon_core/task/python/colcon_distutils_commands:/mnt/c/Users/Dane/ros2_ws/src/run_nav2/install/run_nav2/lib/python3.12/site-packages:${PYTHONPATH} /usr/bin/python3 -W ignore:setup.py install is deprecated setup.py egg_info --egg-base build/run_nav2 build --build-base /mnt/c/Users/Dane/ros2_ws/src/run_nav2/build/run_nav2/build install --record /mnt/c/Users/Dane/ros2_ws/src/run_nav2/build/run_nav2/install.log --single-version-externally-managed install_data
[6.123s] running egg_info
[6.177s] writing build/run_nav2/run_nav2.egg-info/PKG-INFO
[6.189s] writing dependency_links to build/run_nav2/run_nav2.egg-info/dependency_links.txt
[6.195s] writing entry points to build/run_nav2/run_nav2.egg-info/entry_points.txt
[6.201s] writing requirements to build/run_nav2/run_nav2.egg-info/requires.txt
[6.206s] writing top-level names to build/run_nav2/run_nav2.egg-info/top_level.txt
[6.341s] reading manifest file 'build/run_nav2/run_nav2.egg-info/SOURCES.txt'
[6.426s] writing manifest file 'build/run_nav2/run_nav2.egg-info/SOURCES.txt'
[6.431s] running build
[6.432s] running build_py
[6.452s] running install
[6.468s] running install_lib
[6.628s] running install_data
[6.659s] copying package.xml -> /mnt/c/Users/Dane/ros2_ws/src/run_nav2/install/run_nav2/share/run_nav2
[6.694s] copying launch/nav2_proxy.launch.py -> /mnt/c/Users/Dane/ros2_ws/src/run_nav2/install/run_nav2/share/run_nav2/launch
[6.738s] running install_egg_info
[6.803s] removing '/mnt/c/Users/Dane/ros2_ws/src/run_nav2/install/run_nav2/lib/python3.12/site-packages/run_nav2-0.0.0-py3.12.egg-info' (and everything under it)
[6.875s] Copying build/run_nav2/run_nav2.egg-info to /mnt/c/Users/Dane/ros2_ws/src/run_nav2/install/run_nav2/lib/python3.12/site-packages/run_nav2-0.0.0-py3.12.egg-info
[7.166s] running install_scripts
[8.212s] Installing goalpose script to /mnt/c/Users/Dane/ros2_ws/src/run_nav2/install/run_nav2/lib/run_nav2
[8.246s] writing list of installed files to '/mnt/c/Users/Dane/ros2_ws/src/run_nav2/build/run_nav2/install.log'
[8.302s] Invoked command in '/mnt/c/Users/Dane/ros2_ws/src/run_nav2' returned '0': PYTHONPATH=/mnt/c/Users/Dane/ros2_ws/src/run_nav2/build/run_nav2/prefix_override:/usr/lib/python3/dist-packages/colcon_core/task/python/colcon_distutils_commands:/mnt/c/Users/Dane/ros2_ws/src/run_nav2/install/run_nav2/lib/python3.12/site-packages:${PYTHONPATH} /usr/bin/python3 -W ignore:setup.py install is deprecated setup.py egg_info --egg-base build/run_nav2 build --build-base /mnt/c/Users/Dane/ros2_ws/src/run_nav2/build/run_nav2/build install --record /mnt/c/Users/Dane/ros2_ws/src/run_nav2/build/run_nav2/install.log --single-version-externally-managed install_data
