running egg_info
creating build/run_nav2/run_nav2.egg-info
writing build/run_nav2/run_nav2.egg-info/PKG-INFO
writing dependency_links to build/run_nav2/run_nav2.egg-info/dependency_links.txt
writing entry points to build/run_nav2/run_nav2.egg-info/entry_points.txt
writing requirements to build/run_nav2/run_nav2.egg-info/requires.txt
writing top-level names to build/run_nav2/run_nav2.egg-info/top_level.txt
writing manifest file 'build/run_nav2/run_nav2.egg-info/SOURCES.txt'
reading manifest file 'build/run_nav2/run_nav2.egg-info/SOURCES.txt'
writing manifest file 'build/run_nav2/run_nav2.egg-info/SOURCES.txt'
running build
running build_py
creating /mnt/c/Users/Dane/ros2_ws/src/run_nav2/build/run_nav2/build
creating /mnt/c/Users/Dane/ros2_ws/src/run_nav2/build/run_nav2/build/lib
creating /mnt/c/Users/Dane/ros2_ws/src/run_nav2/build/run_nav2/build/lib/run_nav2
copying run_nav2/__init__.py -> /mnt/c/Users/Dane/ros2_ws/src/run_nav2/build/run_nav2/build/lib/run_nav2
running install
running install_lib
creating /mnt/c/Users/Dane/ros2_ws/src/run_nav2/install/run_nav2/lib/python3.12/site-packages/run_nav2
copying /mnt/c/Users/Dane/ros2_ws/src/run_nav2/build/run_nav2/build/lib/run_nav2/__init__.py -> /mnt/c/Users/Dane/ros2_ws/src/run_nav2/install/run_nav2/lib/python3.12/site-packages/run_nav2
byte-compiling /mnt/c/Users/Dane/ros2_ws/src/run_nav2/install/run_nav2/lib/python3.12/site-packages/run_nav2/__init__.py to __init__.cpython-312.pyc
running install_data
creating /mnt/c/Users/Dane/ros2_ws/src/run_nav2/install/run_nav2/share/ament_index
creating /mnt/c/Users/Dane/ros2_ws/src/run_nav2/install/run_nav2/share/ament_index/resource_index
creating /mnt/c/Users/Dane/ros2_ws/src/run_nav2/install/run_nav2/share/ament_index/resource_index/packages
copying resource/run_nav2 -> /mnt/c/Users/Dane/ros2_ws/src/run_nav2/install/run_nav2/share/ament_index/resource_index/packages
copying package.xml -> /mnt/c/Users/Dane/ros2_ws/src/run_nav2/install/run_nav2/share/run_nav2
running install_egg_info
Copying build/run_nav2/run_nav2.egg-info to /mnt/c/Users/Dane/ros2_ws/src/run_nav2/install/run_nav2/lib/python3.12/site-packages/run_nav2-0.0.0-py3.12.egg-info
running install_scripts
Installing goalpose script to /mnt/c/Users/Dane/ros2_ws/src/run_nav2/install/run_nav2/lib/run_nav2
writing list of installed files to '/mnt/c/Users/Dane/ros2_ws/src/run_nav2/build/run_nav2/install.log'
