[4.697s] Invoking command in '/mnt/c/Users/Dane/ros2_ws/src/run_nav2': PYTHONPATH=/mnt/c/Users/Dane/ros2_ws/src/run_nav2/build/run_nav2/prefix_override:/usr/lib/python3/dist-packages/colcon_core/task/python/colcon_distutils_commands:/mnt/c/Users/Dane/ros2_ws/src/run_nav2/install/run_nav2/lib/python3.12/site-packages:${PYTHONPATH} /usr/bin/python3 -W ignore:setup.py install is deprecated setup.py egg_info --egg-base build/run_nav2 build --build-base /mnt/c/Users/Dane/ros2_ws/src/run_nav2/build/run_nav2/build install --record /mnt/c/Users/Dane/ros2_ws/src/run_nav2/build/run_nav2/install.log --single-version-externally-managed install_data
[6.280s] running egg_info
[6.286s] creating build/run_nav2/run_nav2.egg-info
[6.338s] writing build/run_nav2/run_nav2.egg-info/PKG-INFO
[6.355s] writing dependency_links to build/run_nav2/run_nav2.egg-info/dependency_links.txt
[6.362s] writing entry points to build/run_nav2/run_nav2.egg-info/entry_points.txt
[6.369s] writing requirements to build/run_nav2/run_nav2.egg-info/requires.txt
[6.374s] writing top-level names to build/run_nav2/run_nav2.egg-info/top_level.txt
[6.384s] writing manifest file 'build/run_nav2/run_nav2.egg-info/SOURCES.txt'
[6.517s] reading manifest file 'build/run_nav2/run_nav2.egg-info/SOURCES.txt'
[6.600s] writing manifest file 'build/run_nav2/run_nav2.egg-info/SOURCES.txt'
[6.604s] running build
[6.605s] running build_py
[6.612s] creating /mnt/c/Users/Dane/ros2_ws/src/run_nav2/build/run_nav2/build
[6.615s] creating /mnt/c/Users/Dane/ros2_ws/src/run_nav2/build/run_nav2/build/lib
[6.618s] creating /mnt/c/Users/Dane/ros2_ws/src/run_nav2/build/run_nav2/build/lib/run_nav2
[6.629s] copying run_nav2/__init__.py -> /mnt/c/Users/Dane/ros2_ws/src/run_nav2/build/run_nav2/build/lib/run_nav2
[6.645s] running install
[6.661s] running install_lib
[6.744s] creating /mnt/c/Users/Dane/ros2_ws/src/run_nav2/install/run_nav2/lib/python3.12/site-packages/run_nav2
[6.762s] copying /mnt/c/Users/Dane/ros2_ws/src/run_nav2/build/run_nav2/build/lib/run_nav2/__init__.py -> /mnt/c/Users/Dane/ros2_ws/src/run_nav2/install/run_nav2/lib/python3.12/site-packages/run_nav2
[6.804s] byte-compiling /mnt/c/Users/Dane/ros2_ws/src/run_nav2/install/run_nav2/lib/python3.12/site-packages/run_nav2/__init__.py to __init__.cpython-312.pyc
[6.845s] running install_data
[6.853s] creating /mnt/c/Users/Dane/ros2_ws/src/run_nav2/install/run_nav2/share/ament_index
[6.856s] creating /mnt/c/Users/Dane/ros2_ws/src/run_nav2/install/run_nav2/share/ament_index/resource_index
[6.859s] creating /mnt/c/Users/Dane/ros2_ws/src/run_nav2/install/run_nav2/share/ament_index/resource_index/packages
[6.872s] copying resource/run_nav2 -> /mnt/c/Users/Dane/ros2_ws/src/run_nav2/install/run_nav2/share/ament_index/resource_index/packages
[6.898s] copying package.xml -> /mnt/c/Users/Dane/ros2_ws/src/run_nav2/install/run_nav2/share/run_nav2
[6.914s] running install_egg_info
[6.986s] Copying build/run_nav2/run_nav2.egg-info to /mnt/c/Users/Dane/ros2_ws/src/run_nav2/install/run_nav2/lib/python3.12/site-packages/run_nav2-0.0.0-py3.12.egg-info
[7.344s] running install_scripts
[7.976s] Installing goalpose script to /mnt/c/Users/Dane/ros2_ws/src/run_nav2/install/run_nav2/lib/run_nav2
[7.990s] writing list of installed files to '/mnt/c/Users/Dane/ros2_ws/src/run_nav2/build/run_nav2/install.log'
[8.030s] Invoked command in '/mnt/c/Users/Dane/ros2_ws/src/run_nav2' returned '0': PYTHONPATH=/mnt/c/Users/Dane/ros2_ws/src/run_nav2/build/run_nav2/prefix_override:/usr/lib/python3/dist-packages/colcon_core/task/python/colcon_distutils_commands:/mnt/c/Users/Dane/ros2_ws/src/run_nav2/install/run_nav2/lib/python3.12/site-packages:${PYTHONPATH} /usr/bin/python3 -W ignore:setup.py install is deprecated setup.py egg_info --egg-base build/run_nav2 build --build-base /mnt/c/Users/Dane/ros2_ws/src/run_nav2/build/run_nav2/build install --record /mnt/c/Users/Dane/ros2_ws/src/run_nav2/build/run_nav2/install.log --single-version-externally-managed install_data
