[1.218s] DEBUG:colcon:Command line arguments: ['/usr/bin/colcon', 'build']
[1.220s] DEBUG:colcon:Parsed command line arguments: Namespace(log_base=None, log_level=None, verb_name='build', build_base='build', install_base='install', merge_install=False, symlink_install=False, test_result_base=None, continue_on_error=False, executor='parallel', parallel_workers=8, event_handlers=None, ignore_user_meta=False, metas=['./colcon.meta'], base_paths=['.'], packages_ignore=None, packages_ignore_regex=None, paths=None, packages_up_to=None, packages_up_to_regex=None, packages_above=None, packages_above_and_dependencies=None, packages_above_depth=None, packages_select_by_dep=None, packages_skip_by_dep=None, packages_skip_up_to=None, packages_select_build_failed=False, packages_skip_build_finished=False, packages_select_test_failures=False, packages_skip_test_passed=False, packages_select=None, packages_skip=None, packages_select_regex=None, packages_skip_regex=None, packages_start=None, packages_end=None, cmake_args=None, cmake_target=None, cmake_target_skip_unavailable=False, cmake_clean_cache=False, cmake_clean_first=False, cmake_force_configure=False, ament_cmake_args=None, catkin_cmake_args=None, catkin_skip_building_tests=False, verb_parser=<colcon_defaults.argument_parser.defaults.DefaultArgumentsDecorator object at 0x7fc59d2c1d00>, verb_extension=<colcon_core.verb.build.BuildVerb object at 0x7fc59d49deb0>, main=<bound method BuildVerb.main of <colcon_core.verb.build.BuildVerb object at 0x7fc59d49deb0>>)
[1.424s] Level 1:colcon.colcon_core.package_discovery:discover_packages(colcon_meta) check parameters
[1.425s] Level 1:colcon.colcon_core.package_discovery:discover_packages(recursive) check parameters
[1.426s] Level 1:colcon.colcon_core.package_discovery:discover_packages(ignore) check parameters
[1.426s] Level 1:colcon.colcon_core.package_discovery:discover_packages(path) check parameters
[1.427s] Level 1:colcon.colcon_core.package_discovery:discover_packages(colcon_meta) discover
[1.427s] Level 1:colcon.colcon_core.package_discovery:discover_packages(recursive) discover
[1.428s] INFO:colcon.colcon_core.package_discovery:Crawling recursively for packages in '/mnt/c/Users/Dane/ros2_ws/src/run_nav2'
[1.430s] Level 1:colcon.colcon_core.package_identification:_identify(.) by extensions ['ignore', 'ignore_ament_install']
[1.431s] Level 1:colcon.colcon_core.package_identification:_identify(.) by extension 'ignore'
[1.432s] Level 1:colcon.colcon_core.package_identification:_identify(.) by extension 'ignore_ament_install'
[1.433s] Level 1:colcon.colcon_core.package_identification:_identify(.) by extensions ['colcon_pkg']
[1.433s] Level 1:colcon.colcon_core.package_identification:_identify(.) by extension 'colcon_pkg'
[1.433s] Level 1:colcon.colcon_core.package_identification:_identify(.) by extensions ['colcon_meta']
[1.434s] Level 1:colcon.colcon_core.package_identification:_identify(.) by extension 'colcon_meta'
[1.434s] Level 1:colcon.colcon_core.package_identification:_identify(.) by extensions ['ros']
[1.434s] Level 1:colcon.colcon_core.package_identification:_identify(.) by extension 'ros'
[1.558s] DEBUG:colcon.colcon_core.package_identification:Package '.' with type 'ros.ament_python' and name 'run_nav2'
[1.559s] Level 1:colcon.colcon_core.package_discovery:discover_packages(recursive) using defaults
[1.559s] Level 1:colcon.colcon_core.package_discovery:discover_packages(ignore) discover
[1.559s] Level 1:colcon.colcon_core.package_discovery:discover_packages(ignore) using defaults
[1.559s] Level 1:colcon.colcon_core.package_discovery:discover_packages(path) discover
[1.560s] Level 1:colcon.colcon_core.package_discovery:discover_packages(path) using defaults
[1.702s] Level 5:colcon.colcon_core.verb:set package 'run_nav2' build argument 'cmake_args' from command line to 'None'
[1.703s] Level 5:colcon.colcon_core.verb:set package 'run_nav2' build argument 'cmake_target' from command line to 'None'
[1.703s] Level 5:colcon.colcon_core.verb:set package 'run_nav2' build argument 'cmake_target_skip_unavailable' from command line to 'False'
[1.703s] Level 5:colcon.colcon_core.verb:set package 'run_nav2' build argument 'cmake_clean_cache' from command line to 'False'
[1.703s] Level 5:colcon.colcon_core.verb:set package 'run_nav2' build argument 'cmake_clean_first' from command line to 'False'
[1.704s] Level 5:colcon.colcon_core.verb:set package 'run_nav2' build argument 'cmake_force_configure' from command line to 'False'
[1.704s] Level 5:colcon.colcon_core.verb:set package 'run_nav2' build argument 'ament_cmake_args' from command line to 'None'
[1.704s] Level 5:colcon.colcon_core.verb:set package 'run_nav2' build argument 'catkin_cmake_args' from command line to 'None'
[1.704s] Level 5:colcon.colcon_core.verb:set package 'run_nav2' build argument 'catkin_skip_building_tests' from command line to 'False'
[1.704s] DEBUG:colcon.colcon_core.verb:Building package 'run_nav2' with the following arguments: {'ament_cmake_args': None, 'build_base': '/mnt/c/Users/Dane/ros2_ws/src/run_nav2/build/run_nav2', 'catkin_cmake_args': None, 'catkin_skip_building_tests': False, 'cmake_args': None, 'cmake_clean_cache': False, 'cmake_clean_first': False, 'cmake_force_configure': False, 'cmake_target': None, 'cmake_target_skip_unavailable': False, 'install_base': '/mnt/c/Users/Dane/ros2_ws/src/run_nav2/install/run_nav2', 'merge_install': False, 'path': '/mnt/c/Users/Dane/ros2_ws/src/run_nav2', 'symlink_install': False, 'test_result_base': None}
[1.705s] INFO:colcon.colcon_core.executor:Executing jobs using 'parallel' executor
[1.707s] DEBUG:colcon.colcon_parallel_executor.executor.parallel:run_until_complete
[1.707s] INFO:colcon.colcon_ros.task.ament_python.build:Building ROS package in '/mnt/c/Users/Dane/ros2_ws/src/run_nav2' with build type 'ament_python'
[1.707s] Level 1:colcon.colcon_core.shell:create_environment_hook('run_nav2', 'ament_prefix_path')
[1.732s] INFO:colcon.colcon_core.plugin_system:Skipping extension 'colcon_core.shell.bat': Not used on non-Windows systems
[1.733s] INFO:colcon.colcon_core.shell:Creating environment descriptor '/mnt/c/Users/Dane/ros2_ws/src/run_nav2/install/run_nav2/share/run_nav2/hook/ament_prefix_path.dsv'
[1.756s] INFO:colcon.colcon_core.shell:Creating environment hook '/mnt/c/Users/Dane/ros2_ws/src/run_nav2/install/run_nav2/share/run_nav2/hook/ament_prefix_path.sh'
[1.777s] DEBUG:colcon.colcon_core.shell:Skip shell extension 'dsv' for command environment
[4.632s] INFO:colcon.colcon_core.task.python.build:Building Python package in '/mnt/c/Users/Dane/ros2_ws/src/run_nav2'
[4.633s] DEBUG:colcon.colcon_core.shell:Skip shell extension 'dsv' for command environment
[9.832s] DEBUG:colcon.colcon_core.event_handler.log_command:Invoking command in '/mnt/c/Users/Dane/ros2_ws/src/run_nav2': PYTHONPATH=/mnt/c/Users/Dane/ros2_ws/src/run_nav2/build/run_nav2/prefix_override:/usr/lib/python3/dist-packages/colcon_core/task/python/colcon_distutils_commands:/mnt/c/Users/Dane/ros2_ws/src/run_nav2/install/run_nav2/lib/python3.12/site-packages:${PYTHONPATH} /usr/bin/python3 -W ignore:setup.py install is deprecated setup.py egg_info --egg-base build/run_nav2 build --build-base /mnt/c/Users/Dane/ros2_ws/src/run_nav2/build/run_nav2/build install --record /mnt/c/Users/Dane/ros2_ws/src/run_nav2/build/run_nav2/install.log --single-version-externally-managed install_data
[14.683s] DEBUG:colcon.colcon_core.event_handler.log_command:Invoked command in '/mnt/c/Users/Dane/ros2_ws/src/run_nav2' returned '0': PYTHONPATH=/mnt/c/Users/Dane/ros2_ws/src/run_nav2/build/run_nav2/prefix_override:/usr/lib/python3/dist-packages/colcon_core/task/python/colcon_distutils_commands:/mnt/c/Users/Dane/ros2_ws/src/run_nav2/install/run_nav2/lib/python3.12/site-packages:${PYTHONPATH} /usr/bin/python3 -W ignore:setup.py install is deprecated setup.py egg_info --egg-base build/run_nav2 build --build-base /mnt/c/Users/Dane/ros2_ws/src/run_nav2/build/run_nav2/build install --record /mnt/c/Users/Dane/ros2_ws/src/run_nav2/build/run_nav2/install.log --single-version-externally-managed install_data
[14.727s] Level 1:colcon.colcon_core.environment:checking '/mnt/c/Users/Dane/ros2_ws/src/run_nav2/install/run_nav2' for CMake module files
[14.850s] Level 1:colcon.colcon_core.environment:checking '/mnt/c/Users/Dane/ros2_ws/src/run_nav2/install/run_nav2' for CMake config files
[15.110s] Level 1:colcon.colcon_core.environment:checking '/mnt/c/Users/Dane/ros2_ws/src/run_nav2/install/run_nav2/lib'
[15.115s] Level 1:colcon.colcon_core.environment:checking '/mnt/c/Users/Dane/ros2_ws/src/run_nav2/install/run_nav2/bin'
[15.117s] Level 1:colcon.colcon_core.environment:checking '/mnt/c/Users/Dane/ros2_ws/src/run_nav2/install/run_nav2/lib/pkgconfig/run_nav2.pc'
[15.121s] Level 1:colcon.colcon_core.environment:checking '/mnt/c/Users/Dane/ros2_ws/src/run_nav2/install/run_nav2/lib/python3.12/site-packages'
[15.125s] Level 1:colcon.colcon_core.shell:create_environment_hook('run_nav2', 'pythonpath')
[15.125s] INFO:colcon.colcon_core.shell:Creating environment descriptor '/mnt/c/Users/Dane/ros2_ws/src/run_nav2/install/run_nav2/share/run_nav2/hook/pythonpath.dsv'
[15.150s] INFO:colcon.colcon_core.shell:Creating environment hook '/mnt/c/Users/Dane/ros2_ws/src/run_nav2/install/run_nav2/share/run_nav2/hook/pythonpath.sh'
[15.179s] Level 1:colcon.colcon_core.environment:checking '/mnt/c/Users/Dane/ros2_ws/src/run_nav2/install/run_nav2/bin'
[15.181s] Level 1:colcon.colcon_core.environment:create_environment_scripts_only(run_nav2)
[15.181s] INFO:colcon.colcon_core.shell:Creating package descriptor '/mnt/c/Users/Dane/ros2_ws/src/run_nav2/install/run_nav2/share/run_nav2/package.dsv'
[15.202s] INFO:colcon.colcon_core.shell:Creating package script '/mnt/c/Users/Dane/ros2_ws/src/run_nav2/install/run_nav2/share/run_nav2/package.sh'
[15.223s] INFO:colcon.colcon_core.shell:Creating package script '/mnt/c/Users/Dane/ros2_ws/src/run_nav2/install/run_nav2/share/run_nav2/package.bash'
[15.250s] INFO:colcon.colcon_core.shell:Creating package script '/mnt/c/Users/Dane/ros2_ws/src/run_nav2/install/run_nav2/share/run_nav2/package.zsh'
[15.274s] Level 1:colcon.colcon_core.environment:create_file_with_runtime_dependencies(/mnt/c/Users/Dane/ros2_ws/src/run_nav2/install/run_nav2/share/colcon-core/packages/run_nav2)
[15.297s] DEBUG:colcon.colcon_parallel_executor.executor.parallel:closing loop
[15.297s] DEBUG:colcon.colcon_parallel_executor.executor.parallel:loop closed
[15.298s] DEBUG:colcon.colcon_parallel_executor.executor.parallel:run_until_complete finished with '0'
[15.298s] DEBUG:colcon.colcon_core.event_reactor:joining thread
[15.515s] INFO:colcon.colcon_core.plugin_system:Skipping extension 'colcon_notification.desktop_notification.notify_send': Could not find 'notify-send'
[15.515s] INFO:colcon.colcon_core.plugin_system:Skipping extension 'colcon_notification.desktop_notification.terminal_notifier': Not used on non-Darwin systems
[15.516s] INFO:colcon.colcon_core.plugin_system:Skipping extension 'colcon_notification.desktop_notification.win32': Not used on non-Windows systems
[15.516s] INFO:colcon.colcon_notification.desktop_notification:Sending desktop notification using 'notify2'
[15.537s] DEBUG:colcon.colcon_notification.desktop_notification.notify2:Failed to initialize notify2: org.freedesktop.DBus.Error.ServiceUnknown: The name org.freedesktop.Notifications was not provided by any .service files
[15.538s] DEBUG:colcon.colcon_core.event_reactor:joined thread
[15.539s] INFO:colcon.colcon_core.shell:Creating prefix script '/mnt/c/Users/Dane/ros2_ws/src/run_nav2/install/local_setup.sh'
[15.550s] INFO:colcon.colcon_core.shell:Creating prefix util module '/mnt/c/Users/Dane/ros2_ws/src/run_nav2/install/_local_setup_util_sh.py'
[15.565s] INFO:colcon.colcon_core.shell:Creating prefix chain script '/mnt/c/Users/Dane/ros2_ws/src/run_nav2/install/setup.sh'
[15.774s] INFO:colcon.colcon_core.shell:Creating prefix script '/mnt/c/Users/Dane/ros2_ws/src/run_nav2/install/local_setup.bash'
[15.793s] INFO:colcon.colcon_core.shell:Creating prefix chain script '/mnt/c/Users/Dane/ros2_ws/src/run_nav2/install/setup.bash'
[15.980s] INFO:colcon.colcon_core.shell:Creating prefix script '/mnt/c/Users/Dane/ros2_ws/src/run_nav2/install/local_setup.zsh'
[15.994s] INFO:colcon.colcon_core.shell:Creating prefix chain script '/mnt/c/Users/Dane/ros2_ws/src/run_nav2/install/setup.zsh'
