[0.849s] DEBUG:colcon:Command line arguments: ['/usr/bin/colcon', 'build']
[0.849s] DEBUG:colcon:Parsed command line arguments: Namespace(log_base=None, log_level=None, verb_name='build', build_base='build', install_base='install', merge_install=False, symlink_install=False, test_result_base=None, continue_on_error=False, executor='parallel', parallel_workers=8, event_handlers=None, ignore_user_meta=False, metas=['./colcon.meta'], base_paths=['.'], packages_ignore=None, packages_ignore_regex=None, paths=None, packages_up_to=None, packages_up_to_regex=None, packages_above=None, packages_above_and_dependencies=None, packages_above_depth=None, packages_select_by_dep=None, packages_skip_by_dep=None, packages_skip_up_to=None, packages_select_build_failed=False, packages_skip_build_finished=False, packages_select_test_failures=False, packages_skip_test_passed=False, packages_select=None, packages_skip=None, packages_select_regex=None, packages_skip_regex=None, packages_start=None, packages_end=None, cmake_args=None, cmake_target=None, cmake_target_skip_unavailable=False, cmake_clean_cache=False, cmake_clean_first=False, cmake_force_configure=False, ament_cmake_args=None, catkin_cmake_args=None, catkin_skip_building_tests=False, verb_parser=<colcon_defaults.argument_parser.defaults.DefaultArgumentsDecorator object at 0x7fd2592798e0>, verb_extension=<colcon_core.verb.build.BuildVerb object at 0x7fd2593de330>, main=<bound method BuildVerb.main of <colcon_core.verb.build.BuildVerb object at 0x7fd2593de330>>)
[1.048s] Level 1:colcon.colcon_core.package_discovery:discover_packages(colcon_meta) check parameters
[1.049s] Level 1:colcon.colcon_core.package_discovery:discover_packages(recursive) check parameters
[1.049s] Level 1:colcon.colcon_core.package_discovery:discover_packages(ignore) check parameters
[1.049s] Level 1:colcon.colcon_core.package_discovery:discover_packages(path) check parameters
[1.049s] Level 1:colcon.colcon_core.package_discovery:discover_packages(colcon_meta) discover
[1.050s] Level 1:colcon.colcon_core.package_discovery:discover_packages(recursive) discover
[1.050s] INFO:colcon.colcon_core.package_discovery:Crawling recursively for packages in '/mnt/c/Users/Dane/ros2_ws/src/lazerbot_tf'
[1.052s] Level 1:colcon.colcon_core.package_identification:_identify(.) by extensions ['ignore', 'ignore_ament_install']
[1.053s] Level 1:colcon.colcon_core.package_identification:_identify(.) by extension 'ignore'
[1.053s] Level 1:colcon.colcon_core.package_identification:_identify(.) by extension 'ignore_ament_install'
[1.054s] Level 1:colcon.colcon_core.package_identification:_identify(.) by extensions ['colcon_pkg']
[1.054s] Level 1:colcon.colcon_core.package_identification:_identify(.) by extension 'colcon_pkg'
[1.055s] Level 1:colcon.colcon_core.package_identification:_identify(.) by extensions ['colcon_meta']
[1.055s] Level 1:colcon.colcon_core.package_identification:_identify(.) by extension 'colcon_meta'
[1.055s] Level 1:colcon.colcon_core.package_identification:_identify(.) by extensions ['ros']
[1.055s] Level 1:colcon.colcon_core.package_identification:_identify(.) by extension 'ros'
[1.172s] DEBUG:colcon.colcon_core.package_identification:Package '.' with type 'ros.ament_cmake' and name 'lazerbot_tf'
[1.172s] Level 1:colcon.colcon_core.package_discovery:discover_packages(recursive) using defaults
[1.172s] Level 1:colcon.colcon_core.package_discovery:discover_packages(ignore) discover
[1.172s] Level 1:colcon.colcon_core.package_discovery:discover_packages(ignore) using defaults
[1.173s] Level 1:colcon.colcon_core.package_discovery:discover_packages(path) discover
[1.173s] Level 1:colcon.colcon_core.package_discovery:discover_packages(path) using defaults
[1.406s] Level 5:colcon.colcon_core.verb:set package 'lazerbot_tf' build argument 'cmake_args' from command line to 'None'
[1.407s] Level 5:colcon.colcon_core.verb:set package 'lazerbot_tf' build argument 'cmake_target' from command line to 'None'
[1.407s] Level 5:colcon.colcon_core.verb:set package 'lazerbot_tf' build argument 'cmake_target_skip_unavailable' from command line to 'False'
[1.408s] Level 5:colcon.colcon_core.verb:set package 'lazerbot_tf' build argument 'cmake_clean_cache' from command line to 'False'
[1.408s] Level 5:colcon.colcon_core.verb:set package 'lazerbot_tf' build argument 'cmake_clean_first' from command line to 'False'
[1.409s] Level 5:colcon.colcon_core.verb:set package 'lazerbot_tf' build argument 'cmake_force_configure' from command line to 'False'
[1.409s] Level 5:colcon.colcon_core.verb:set package 'lazerbot_tf' build argument 'ament_cmake_args' from command line to 'None'
[1.410s] Level 5:colcon.colcon_core.verb:set package 'lazerbot_tf' build argument 'catkin_cmake_args' from command line to 'None'
[1.410s] Level 5:colcon.colcon_core.verb:set package 'lazerbot_tf' build argument 'catkin_skip_building_tests' from command line to 'False'
[1.411s] DEBUG:colcon.colcon_core.verb:Building package 'lazerbot_tf' with the following arguments: {'ament_cmake_args': None, 'build_base': '/mnt/c/Users/Dane/ros2_ws/src/lazerbot_tf/build/lazerbot_tf', 'catkin_cmake_args': None, 'catkin_skip_building_tests': False, 'cmake_args': None, 'cmake_clean_cache': False, 'cmake_clean_first': False, 'cmake_force_configure': False, 'cmake_target': None, 'cmake_target_skip_unavailable': False, 'install_base': '/mnt/c/Users/Dane/ros2_ws/src/lazerbot_tf/install/lazerbot_tf', 'merge_install': False, 'path': '/mnt/c/Users/Dane/ros2_ws/src/lazerbot_tf', 'symlink_install': False, 'test_result_base': None}
[1.411s] INFO:colcon.colcon_core.executor:Executing jobs using 'parallel' executor
[1.413s] DEBUG:colcon.colcon_parallel_executor.executor.parallel:run_until_complete
[1.415s] INFO:colcon.colcon_ros.task.ament_cmake.build:Building ROS package in '/mnt/c/Users/Dane/ros2_ws/src/lazerbot_tf' with build type 'ament_cmake'
[1.421s] INFO:colcon.colcon_cmake.task.cmake.build:Building CMake package in '/mnt/c/Users/Dane/ros2_ws/src/lazerbot_tf'
[1.494s] INFO:colcon.colcon_core.plugin_system:Skipping extension 'colcon_core.shell.bat': Not used on non-Windows systems
[1.495s] DEBUG:colcon.colcon_core.shell:Skip shell extension 'dsv' for command environment
[2.028s] DEBUG:colcon.colcon_core.event_handler.log_command:Invoking command in '/mnt/c/Users/Dane/ros2_ws/src/lazerbot_tf/build/lazerbot_tf': CMAKE_PREFIX_PATH=${CMAKE_PREFIX_PATH}:/mnt/c/Users/Dane/ros2_ws/src/install/tf_test:/mnt/c/Users/Dane/ros2_ws/src/install/run_nav2:/mnt/c/Users/Dane/ros2_ws/install/tf_test:/mnt/c/Users/Dane/ros2_ws/install/run_nav2:/opt/ros/jazzy /usr/bin/cmake --build /mnt/c/Users/Dane/ros2_ws/src/lazerbot_tf/build/lazerbot_tf -- -j8 -l8
[2.363s] DEBUG:colcon.colcon_core.event_handler.log_command:Invoked command in '/mnt/c/Users/Dane/ros2_ws/src/lazerbot_tf/build/lazerbot_tf' returned '0': CMAKE_PREFIX_PATH=${CMAKE_PREFIX_PATH}:/mnt/c/Users/Dane/ros2_ws/src/install/tf_test:/mnt/c/Users/Dane/ros2_ws/src/install/run_nav2:/mnt/c/Users/Dane/ros2_ws/install/tf_test:/mnt/c/Users/Dane/ros2_ws/install/run_nav2:/opt/ros/jazzy /usr/bin/cmake --build /mnt/c/Users/Dane/ros2_ws/src/lazerbot_tf/build/lazerbot_tf -- -j8 -l8
[2.443s] DEBUG:colcon.colcon_core.event_handler.log_command:Invoking command in '/mnt/c/Users/Dane/ros2_ws/src/lazerbot_tf/build/lazerbot_tf': CMAKE_PREFIX_PATH=${CMAKE_PREFIX_PATH}:/mnt/c/Users/Dane/ros2_ws/src/install/tf_test:/mnt/c/Users/Dane/ros2_ws/src/install/run_nav2:/mnt/c/Users/Dane/ros2_ws/install/tf_test:/mnt/c/Users/Dane/ros2_ws/install/run_nav2:/opt/ros/jazzy /usr/bin/cmake --install /mnt/c/Users/Dane/ros2_ws/src/lazerbot_tf/build/lazerbot_tf
[3.394s] Level 1:colcon.colcon_core.environment:create_environment_scripts_only(lazerbot_tf)
[3.396s] DEBUG:colcon.colcon_core.event_handler.log_command:Invoked command in '/mnt/c/Users/Dane/ros2_ws/src/lazerbot_tf/build/lazerbot_tf' returned '0': CMAKE_PREFIX_PATH=${CMAKE_PREFIX_PATH}:/mnt/c/Users/Dane/ros2_ws/src/install/tf_test:/mnt/c/Users/Dane/ros2_ws/src/install/run_nav2:/mnt/c/Users/Dane/ros2_ws/install/tf_test:/mnt/c/Users/Dane/ros2_ws/install/run_nav2:/opt/ros/jazzy /usr/bin/cmake --install /mnt/c/Users/Dane/ros2_ws/src/lazerbot_tf/build/lazerbot_tf
[4.081s] Level 1:colcon.colcon_core.environment:checking '/mnt/c/Users/Dane/ros2_ws/src/lazerbot_tf/install/lazerbot_tf' for CMake module files
[4.190s] Level 1:colcon.colcon_core.environment:checking '/mnt/c/Users/Dane/ros2_ws/src/lazerbot_tf/install/lazerbot_tf' for CMake config files
[4.268s] Level 1:colcon.colcon_core.shell:create_environment_hook('lazerbot_tf', 'cmake_prefix_path')
[4.269s] INFO:colcon.colcon_core.shell:Creating environment descriptor '/mnt/c/Users/Dane/ros2_ws/src/lazerbot_tf/install/lazerbot_tf/share/lazerbot_tf/hook/cmake_prefix_path.dsv'
[4.303s] INFO:colcon.colcon_core.shell:Creating environment hook '/mnt/c/Users/Dane/ros2_ws/src/lazerbot_tf/install/lazerbot_tf/share/lazerbot_tf/hook/cmake_prefix_path.sh'
[4.428s] Level 1:colcon.colcon_core.environment:checking '/mnt/c/Users/Dane/ros2_ws/src/lazerbot_tf/install/lazerbot_tf/bin'
[4.431s] Level 1:colcon.colcon_core.environment:checking '/mnt/c/Users/Dane/ros2_ws/src/lazerbot_tf/install/lazerbot_tf/lib/pkgconfig/lazerbot_tf.pc'
[4.459s] Level 1:colcon.colcon_core.environment:checking '/mnt/c/Users/Dane/ros2_ws/src/lazerbot_tf/install/lazerbot_tf/lib/python3.12/site-packages'
[4.463s] Level 1:colcon.colcon_core.environment:checking '/mnt/c/Users/Dane/ros2_ws/src/lazerbot_tf/install/lazerbot_tf/bin'
[4.466s] INFO:colcon.colcon_core.shell:Creating package descriptor '/mnt/c/Users/Dane/ros2_ws/src/lazerbot_tf/install/lazerbot_tf/share/lazerbot_tf/package.dsv'
[4.494s] INFO:colcon.colcon_core.shell:Creating package script '/mnt/c/Users/Dane/ros2_ws/src/lazerbot_tf/install/lazerbot_tf/share/lazerbot_tf/package.sh'
[4.523s] INFO:colcon.colcon_core.shell:Creating package script '/mnt/c/Users/Dane/ros2_ws/src/lazerbot_tf/install/lazerbot_tf/share/lazerbot_tf/package.bash'
[4.547s] INFO:colcon.colcon_core.shell:Creating package script '/mnt/c/Users/Dane/ros2_ws/src/lazerbot_tf/install/lazerbot_tf/share/lazerbot_tf/package.zsh'
[4.568s] Level 1:colcon.colcon_core.environment:create_file_with_runtime_dependencies(/mnt/c/Users/Dane/ros2_ws/src/lazerbot_tf/install/lazerbot_tf/share/colcon-core/packages/lazerbot_tf)
[4.638s] Level 1:colcon.colcon_core.environment:create_environment_scripts_only(lazerbot_tf)
[4.639s] Level 1:colcon.colcon_core.environment:checking '/mnt/c/Users/Dane/ros2_ws/src/lazerbot_tf/install/lazerbot_tf' for CMake module files
[4.760s] Level 1:colcon.colcon_core.environment:checking '/mnt/c/Users/Dane/ros2_ws/src/lazerbot_tf/install/lazerbot_tf' for CMake config files
[4.875s] Level 1:colcon.colcon_core.shell:create_environment_hook('lazerbot_tf', 'cmake_prefix_path')
[4.875s] INFO:colcon.colcon_core.shell:Creating environment descriptor '/mnt/c/Users/Dane/ros2_ws/src/lazerbot_tf/install/lazerbot_tf/share/lazerbot_tf/hook/cmake_prefix_path.dsv'
[4.901s] INFO:colcon.colcon_core.shell:Creating environment hook '/mnt/c/Users/Dane/ros2_ws/src/lazerbot_tf/install/lazerbot_tf/share/lazerbot_tf/hook/cmake_prefix_path.sh'
[4.948s] Level 1:colcon.colcon_core.environment:checking '/mnt/c/Users/Dane/ros2_ws/src/lazerbot_tf/install/lazerbot_tf/bin'
[4.952s] Level 1:colcon.colcon_core.environment:checking '/mnt/c/Users/Dane/ros2_ws/src/lazerbot_tf/install/lazerbot_tf/lib/pkgconfig/lazerbot_tf.pc'
[4.956s] Level 1:colcon.colcon_core.environment:checking '/mnt/c/Users/Dane/ros2_ws/src/lazerbot_tf/install/lazerbot_tf/lib/python3.12/site-packages'
[4.960s] Level 1:colcon.colcon_core.environment:checking '/mnt/c/Users/Dane/ros2_ws/src/lazerbot_tf/install/lazerbot_tf/bin'
[4.964s] INFO:colcon.colcon_core.shell:Creating package descriptor '/mnt/c/Users/Dane/ros2_ws/src/lazerbot_tf/install/lazerbot_tf/share/lazerbot_tf/package.dsv'
[4.992s] INFO:colcon.colcon_core.shell:Creating package script '/mnt/c/Users/Dane/ros2_ws/src/lazerbot_tf/install/lazerbot_tf/share/lazerbot_tf/package.sh'
[5.016s] INFO:colcon.colcon_core.shell:Creating package script '/mnt/c/Users/Dane/ros2_ws/src/lazerbot_tf/install/lazerbot_tf/share/lazerbot_tf/package.bash'
[5.038s] INFO:colcon.colcon_core.shell:Creating package script '/mnt/c/Users/Dane/ros2_ws/src/lazerbot_tf/install/lazerbot_tf/share/lazerbot_tf/package.zsh'
[5.063s] Level 1:colcon.colcon_core.environment:create_file_with_runtime_dependencies(/mnt/c/Users/Dane/ros2_ws/src/lazerbot_tf/install/lazerbot_tf/share/colcon-core/packages/lazerbot_tf)
[5.098s] DEBUG:colcon.colcon_parallel_executor.executor.parallel:closing loop
[5.099s] DEBUG:colcon.colcon_parallel_executor.executor.parallel:loop closed
[5.100s] DEBUG:colcon.colcon_parallel_executor.executor.parallel:run_until_complete finished with '0'
[5.103s] DEBUG:colcon.colcon_core.event_reactor:joining thread
[5.362s] INFO:colcon.colcon_core.plugin_system:Skipping extension 'colcon_notification.desktop_notification.notify_send': Could not find 'notify-send'
[5.362s] INFO:colcon.colcon_core.plugin_system:Skipping extension 'colcon_notification.desktop_notification.terminal_notifier': Not used on non-Darwin systems
[5.363s] INFO:colcon.colcon_core.plugin_system:Skipping extension 'colcon_notification.desktop_notification.win32': Not used on non-Windows systems
[5.364s] INFO:colcon.colcon_notification.desktop_notification:Sending desktop notification using 'notify2'
[5.371s] DEBUG:colcon.colcon_notification.desktop_notification.notify2:Failed to initialize notify2: org.freedesktop.DBus.Error.ServiceUnknown: The name org.freedesktop.Notifications was not provided by any .service files
[5.373s] DEBUG:colcon.colcon_core.event_reactor:joined thread
[5.376s] INFO:colcon.colcon_core.shell:Creating prefix script '/mnt/c/Users/Dane/ros2_ws/src/lazerbot_tf/install/local_setup.sh'
[5.416s] INFO:colcon.colcon_core.shell:Creating prefix util module '/mnt/c/Users/Dane/ros2_ws/src/lazerbot_tf/install/_local_setup_util_sh.py'
[5.438s] INFO:colcon.colcon_core.shell:Creating prefix chain script '/mnt/c/Users/Dane/ros2_ws/src/lazerbot_tf/install/setup.sh'
[5.742s] INFO:colcon.colcon_core.shell:Creating prefix script '/mnt/c/Users/Dane/ros2_ws/src/lazerbot_tf/install/local_setup.bash'
[5.756s] INFO:colcon.colcon_core.shell:Creating prefix chain script '/mnt/c/Users/Dane/ros2_ws/src/lazerbot_tf/install/setup.bash'
[5.906s] INFO:colcon.colcon_core.shell:Creating prefix script '/mnt/c/Users/Dane/ros2_ws/src/lazerbot_tf/install/local_setup.zsh'
[5.917s] INFO:colcon.colcon_core.shell:Creating prefix chain script '/mnt/c/Users/Dane/ros2_ws/src/lazerbot_tf/install/setup.zsh'
