[0.946s] DEBUG:colcon:Command line arguments: ['/usr/bin/colcon', 'build']
[0.947s] DEBUG:colcon:Parsed command line arguments: Namespace(log_base=None, log_level=None, verb_name='build', build_base='build', install_base='install', merge_install=False, symlink_install=False, test_result_base=None, continue_on_error=False, executor='parallel', parallel_workers=8, event_handlers=None, ignore_user_meta=False, metas=['./colcon.meta'], base_paths=['.'], packages_ignore=None, packages_ignore_regex=None, paths=None, packages_up_to=None, packages_up_to_regex=None, packages_above=None, packages_above_and_dependencies=None, packages_above_depth=None, packages_select_by_dep=None, packages_skip_by_dep=None, packages_skip_up_to=None, packages_select_build_failed=False, packages_skip_build_finished=False, packages_select_test_failures=False, packages_skip_test_passed=False, packages_select=None, packages_skip=None, packages_select_regex=None, packages_skip_regex=None, packages_start=None, packages_end=None, cmake_args=None, cmake_target=None, cmake_target_skip_unavailable=False, cmake_clean_cache=False, cmake_clean_first=False, cmake_force_configure=False, ament_cmake_args=None, catkin_cmake_args=None, catkin_skip_building_tests=False, verb_parser=<colcon_defaults.argument_parser.defaults.DefaultArgumentsDecorator object at 0x7f068c4a1d90>, verb_extension=<colcon_core.verb.build.BuildVerb object at 0x7f068c5fcf80>, main=<bound method BuildVerb.main of <colcon_core.verb.build.BuildVerb object at 0x7f068c5fcf80>>)
[1.194s] Level 1:colcon.colcon_core.package_discovery:discover_packages(colcon_meta) check parameters
[1.195s] Level 1:colcon.colcon_core.package_discovery:discover_packages(recursive) check parameters
[1.195s] Level 1:colcon.colcon_core.package_discovery:discover_packages(ignore) check parameters
[1.195s] Level 1:colcon.colcon_core.package_discovery:discover_packages(path) check parameters
[1.195s] Level 1:colcon.colcon_core.package_discovery:discover_packages(colcon_meta) discover
[1.195s] Level 1:colcon.colcon_core.package_discovery:discover_packages(recursive) discover
[1.196s] INFO:colcon.colcon_core.package_discovery:Crawling recursively for packages in '/mnt/c/Users/Dane/ros2_ws/src/lazerbot_tf'
[1.197s] Level 1:colcon.colcon_core.package_identification:_identify(.) by extensions ['ignore', 'ignore_ament_install']
[1.197s] Level 1:colcon.colcon_core.package_identification:_identify(.) by extension 'ignore'
[1.198s] Level 1:colcon.colcon_core.package_identification:_identify(.) by extension 'ignore_ament_install'
[1.198s] Level 1:colcon.colcon_core.package_identification:_identify(.) by extensions ['colcon_pkg']
[1.199s] Level 1:colcon.colcon_core.package_identification:_identify(.) by extension 'colcon_pkg'
[1.199s] Level 1:colcon.colcon_core.package_identification:_identify(.) by extensions ['colcon_meta']
[1.199s] Level 1:colcon.colcon_core.package_identification:_identify(.) by extension 'colcon_meta'
[1.199s] Level 1:colcon.colcon_core.package_identification:_identify(.) by extensions ['ros']
[1.199s] Level 1:colcon.colcon_core.package_identification:_identify(.) by extension 'ros'
[1.345s] DEBUG:colcon.colcon_core.package_identification:Package '.' with type 'ros.ament_cmake' and name 'lazerbot_tf'
[1.345s] Level 1:colcon.colcon_core.package_discovery:discover_packages(recursive) using defaults
[1.346s] Level 1:colcon.colcon_core.package_discovery:discover_packages(ignore) discover
[1.346s] Level 1:colcon.colcon_core.package_discovery:discover_packages(ignore) using defaults
[1.346s] Level 1:colcon.colcon_core.package_discovery:discover_packages(path) discover
[1.347s] Level 1:colcon.colcon_core.package_discovery:discover_packages(path) using defaults
[1.547s] Level 5:colcon.colcon_core.verb:set package 'lazerbot_tf' build argument 'cmake_args' from command line to 'None'
[1.548s] Level 5:colcon.colcon_core.verb:set package 'lazerbot_tf' build argument 'cmake_target' from command line to 'None'
[1.548s] Level 5:colcon.colcon_core.verb:set package 'lazerbot_tf' build argument 'cmake_target_skip_unavailable' from command line to 'False'
[1.548s] Level 5:colcon.colcon_core.verb:set package 'lazerbot_tf' build argument 'cmake_clean_cache' from command line to 'False'
[1.548s] Level 5:colcon.colcon_core.verb:set package 'lazerbot_tf' build argument 'cmake_clean_first' from command line to 'False'
[1.549s] Level 5:colcon.colcon_core.verb:set package 'lazerbot_tf' build argument 'cmake_force_configure' from command line to 'False'
[1.549s] Level 5:colcon.colcon_core.verb:set package 'lazerbot_tf' build argument 'ament_cmake_args' from command line to 'None'
[1.549s] Level 5:colcon.colcon_core.verb:set package 'lazerbot_tf' build argument 'catkin_cmake_args' from command line to 'None'
[1.549s] Level 5:colcon.colcon_core.verb:set package 'lazerbot_tf' build argument 'catkin_skip_building_tests' from command line to 'False'
[1.549s] DEBUG:colcon.colcon_core.verb:Building package 'lazerbot_tf' with the following arguments: {'ament_cmake_args': None, 'build_base': '/mnt/c/Users/Dane/ros2_ws/src/lazerbot_tf/build/lazerbot_tf', 'catkin_cmake_args': None, 'catkin_skip_building_tests': False, 'cmake_args': None, 'cmake_clean_cache': False, 'cmake_clean_first': False, 'cmake_force_configure': False, 'cmake_target': None, 'cmake_target_skip_unavailable': False, 'install_base': '/mnt/c/Users/Dane/ros2_ws/src/lazerbot_tf/install/lazerbot_tf', 'merge_install': False, 'path': '/mnt/c/Users/Dane/ros2_ws/src/lazerbot_tf', 'symlink_install': False, 'test_result_base': None}
[1.550s] INFO:colcon.colcon_core.executor:Executing jobs using 'parallel' executor
[1.551s] DEBUG:colcon.colcon_parallel_executor.executor.parallel:run_until_complete
[1.551s] INFO:colcon.colcon_ros.task.ament_cmake.build:Building ROS package in '/mnt/c/Users/Dane/ros2_ws/src/lazerbot_tf' with build type 'ament_cmake'
[1.552s] INFO:colcon.colcon_cmake.task.cmake.build:Building CMake package in '/mnt/c/Users/Dane/ros2_ws/src/lazerbot_tf'
[1.591s] INFO:colcon.colcon_core.plugin_system:Skipping extension 'colcon_core.shell.bat': Not used on non-Windows systems
[1.592s] DEBUG:colcon.colcon_core.shell:Skip shell extension 'dsv' for command environment
[1.945s] DEBUG:colcon.colcon_core.event_handler.log_command:Invoking command in '/mnt/c/Users/Dane/ros2_ws/src/lazerbot_tf/build/lazerbot_tf': CMAKE_PREFIX_PATH=${CMAKE_PREFIX_PATH}:/mnt/c/Users/Dane/ros2_ws/src/install/tf_test:/mnt/c/Users/Dane/ros2_ws/src/install/run_nav2:/mnt/c/Users/Dane/ros2_ws/install/tf_test:/mnt/c/Users/Dane/ros2_ws/install/run_nav2:/opt/ros/jazzy /usr/bin/cmake --build /mnt/c/Users/Dane/ros2_ws/src/lazerbot_tf/build/lazerbot_tf -- -j8 -l8
[2.263s] DEBUG:colcon.colcon_core.event_handler.log_command:Invoked command in '/mnt/c/Users/Dane/ros2_ws/src/lazerbot_tf/build/lazerbot_tf' returned '0': CMAKE_PREFIX_PATH=${CMAKE_PREFIX_PATH}:/mnt/c/Users/Dane/ros2_ws/src/install/tf_test:/mnt/c/Users/Dane/ros2_ws/src/install/run_nav2:/mnt/c/Users/Dane/ros2_ws/install/tf_test:/mnt/c/Users/Dane/ros2_ws/install/run_nav2:/opt/ros/jazzy /usr/bin/cmake --build /mnt/c/Users/Dane/ros2_ws/src/lazerbot_tf/build/lazerbot_tf -- -j8 -l8
[2.325s] DEBUG:colcon.colcon_core.event_handler.log_command:Invoking command in '/mnt/c/Users/Dane/ros2_ws/src/lazerbot_tf/build/lazerbot_tf': CMAKE_PREFIX_PATH=${CMAKE_PREFIX_PATH}:/mnt/c/Users/Dane/ros2_ws/src/install/tf_test:/mnt/c/Users/Dane/ros2_ws/src/install/run_nav2:/mnt/c/Users/Dane/ros2_ws/install/tf_test:/mnt/c/Users/Dane/ros2_ws/install/run_nav2:/opt/ros/jazzy /usr/bin/cmake --install /mnt/c/Users/Dane/ros2_ws/src/lazerbot_tf/build/lazerbot_tf
[3.130s] Level 1:colcon.colcon_core.environment:create_environment_scripts_only(lazerbot_tf)
[3.133s] DEBUG:colcon.colcon_core.event_handler.log_command:Invoked command in '/mnt/c/Users/Dane/ros2_ws/src/lazerbot_tf/build/lazerbot_tf' returned '0': CMAKE_PREFIX_PATH=${CMAKE_PREFIX_PATH}:/mnt/c/Users/Dane/ros2_ws/src/install/tf_test:/mnt/c/Users/Dane/ros2_ws/src/install/run_nav2:/mnt/c/Users/Dane/ros2_ws/install/tf_test:/mnt/c/Users/Dane/ros2_ws/install/run_nav2:/opt/ros/jazzy /usr/bin/cmake --install /mnt/c/Users/Dane/ros2_ws/src/lazerbot_tf/build/lazerbot_tf
[3.171s] Level 1:colcon.colcon_core.environment:checking '/mnt/c/Users/Dane/ros2_ws/src/lazerbot_tf/install/lazerbot_tf' for CMake module files
[3.350s] Level 1:colcon.colcon_core.environment:checking '/mnt/c/Users/Dane/ros2_ws/src/lazerbot_tf/install/lazerbot_tf' for CMake config files
[3.494s] Level 1:colcon.colcon_core.shell:create_environment_hook('lazerbot_tf', 'cmake_prefix_path')
[3.495s] INFO:colcon.colcon_core.shell:Creating environment descriptor '/mnt/c/Users/Dane/ros2_ws/src/lazerbot_tf/install/lazerbot_tf/share/lazerbot_tf/hook/cmake_prefix_path.dsv'
[3.525s] INFO:colcon.colcon_core.shell:Creating environment hook '/mnt/c/Users/Dane/ros2_ws/src/lazerbot_tf/install/lazerbot_tf/share/lazerbot_tf/hook/cmake_prefix_path.sh'
[3.559s] Level 1:colcon.colcon_core.environment:checking '/mnt/c/Users/Dane/ros2_ws/src/lazerbot_tf/install/lazerbot_tf/bin'
[3.561s] Level 1:colcon.colcon_core.environment:checking '/mnt/c/Users/Dane/ros2_ws/src/lazerbot_tf/install/lazerbot_tf/lib/pkgconfig/lazerbot_tf.pc'
[3.595s] Level 1:colcon.colcon_core.environment:checking '/mnt/c/Users/Dane/ros2_ws/src/lazerbot_tf/install/lazerbot_tf/lib/python3.12/site-packages'
[3.600s] Level 1:colcon.colcon_core.environment:checking '/mnt/c/Users/Dane/ros2_ws/src/lazerbot_tf/install/lazerbot_tf/bin'
[3.602s] INFO:colcon.colcon_core.shell:Creating package descriptor '/mnt/c/Users/Dane/ros2_ws/src/lazerbot_tf/install/lazerbot_tf/share/lazerbot_tf/package.dsv'
[3.622s] INFO:colcon.colcon_core.shell:Creating package script '/mnt/c/Users/Dane/ros2_ws/src/lazerbot_tf/install/lazerbot_tf/share/lazerbot_tf/package.sh'
[3.645s] INFO:colcon.colcon_core.shell:Creating package script '/mnt/c/Users/Dane/ros2_ws/src/lazerbot_tf/install/lazerbot_tf/share/lazerbot_tf/package.bash'
[3.670s] INFO:colcon.colcon_core.shell:Creating package script '/mnt/c/Users/Dane/ros2_ws/src/lazerbot_tf/install/lazerbot_tf/share/lazerbot_tf/package.zsh'
[3.693s] Level 1:colcon.colcon_core.environment:create_file_with_runtime_dependencies(/mnt/c/Users/Dane/ros2_ws/src/lazerbot_tf/install/lazerbot_tf/share/colcon-core/packages/lazerbot_tf)
[3.769s] Level 1:colcon.colcon_core.environment:create_environment_scripts_only(lazerbot_tf)
[3.770s] Level 1:colcon.colcon_core.environment:checking '/mnt/c/Users/Dane/ros2_ws/src/lazerbot_tf/install/lazerbot_tf' for CMake module files
[3.889s] Level 1:colcon.colcon_core.environment:checking '/mnt/c/Users/Dane/ros2_ws/src/lazerbot_tf/install/lazerbot_tf' for CMake config files
[3.984s] Level 1:colcon.colcon_core.shell:create_environment_hook('lazerbot_tf', 'cmake_prefix_path')
[3.984s] INFO:colcon.colcon_core.shell:Creating environment descriptor '/mnt/c/Users/Dane/ros2_ws/src/lazerbot_tf/install/lazerbot_tf/share/lazerbot_tf/hook/cmake_prefix_path.dsv'
[4.000s] INFO:colcon.colcon_core.shell:Creating environment hook '/mnt/c/Users/Dane/ros2_ws/src/lazerbot_tf/install/lazerbot_tf/share/lazerbot_tf/hook/cmake_prefix_path.sh'
[4.022s] Level 1:colcon.colcon_core.environment:checking '/mnt/c/Users/Dane/ros2_ws/src/lazerbot_tf/install/lazerbot_tf/bin'
[4.025s] Level 1:colcon.colcon_core.environment:checking '/mnt/c/Users/Dane/ros2_ws/src/lazerbot_tf/install/lazerbot_tf/lib/pkgconfig/lazerbot_tf.pc'
[4.028s] Level 1:colcon.colcon_core.environment:checking '/mnt/c/Users/Dane/ros2_ws/src/lazerbot_tf/install/lazerbot_tf/lib/python3.12/site-packages'
[4.031s] Level 1:colcon.colcon_core.environment:checking '/mnt/c/Users/Dane/ros2_ws/src/lazerbot_tf/install/lazerbot_tf/bin'
[4.034s] INFO:colcon.colcon_core.shell:Creating package descriptor '/mnt/c/Users/Dane/ros2_ws/src/lazerbot_tf/install/lazerbot_tf/share/lazerbot_tf/package.dsv'
[4.045s] INFO:colcon.colcon_core.shell:Creating package script '/mnt/c/Users/Dane/ros2_ws/src/lazerbot_tf/install/lazerbot_tf/share/lazerbot_tf/package.sh'
[4.057s] INFO:colcon.colcon_core.shell:Creating package script '/mnt/c/Users/Dane/ros2_ws/src/lazerbot_tf/install/lazerbot_tf/share/lazerbot_tf/package.bash'
[4.068s] INFO:colcon.colcon_core.shell:Creating package script '/mnt/c/Users/Dane/ros2_ws/src/lazerbot_tf/install/lazerbot_tf/share/lazerbot_tf/package.zsh'
[4.081s] Level 1:colcon.colcon_core.environment:create_file_with_runtime_dependencies(/mnt/c/Users/Dane/ros2_ws/src/lazerbot_tf/install/lazerbot_tf/share/colcon-core/packages/lazerbot_tf)
[4.090s] DEBUG:colcon.colcon_parallel_executor.executor.parallel:closing loop
[4.090s] DEBUG:colcon.colcon_parallel_executor.executor.parallel:loop closed
[4.091s] DEBUG:colcon.colcon_parallel_executor.executor.parallel:run_until_complete finished with '0'
[4.091s] DEBUG:colcon.colcon_core.event_reactor:joining thread
[4.236s] INFO:colcon.colcon_core.plugin_system:Skipping extension 'colcon_notification.desktop_notification.notify_send': Could not find 'notify-send'
[4.236s] INFO:colcon.colcon_core.plugin_system:Skipping extension 'colcon_notification.desktop_notification.terminal_notifier': Not used on non-Darwin systems
[4.237s] INFO:colcon.colcon_core.plugin_system:Skipping extension 'colcon_notification.desktop_notification.win32': Not used on non-Windows systems
[4.237s] INFO:colcon.colcon_notification.desktop_notification:Sending desktop notification using 'notify2'
[4.240s] DEBUG:colcon.colcon_notification.desktop_notification.notify2:Failed to initialize notify2: org.freedesktop.DBus.Error.ServiceUnknown: The name org.freedesktop.Notifications was not provided by any .service files
[4.241s] DEBUG:colcon.colcon_core.event_reactor:joined thread
[4.241s] INFO:colcon.colcon_core.shell:Creating prefix script '/mnt/c/Users/Dane/ros2_ws/src/lazerbot_tf/install/local_setup.sh'
[4.252s] INFO:colcon.colcon_core.shell:Creating prefix util module '/mnt/c/Users/Dane/ros2_ws/src/lazerbot_tf/install/_local_setup_util_sh.py'
[4.260s] INFO:colcon.colcon_core.shell:Creating prefix chain script '/mnt/c/Users/Dane/ros2_ws/src/lazerbot_tf/install/setup.sh'
[4.351s] INFO:colcon.colcon_core.shell:Creating prefix script '/mnt/c/Users/Dane/ros2_ws/src/lazerbot_tf/install/local_setup.bash'
[4.357s] INFO:colcon.colcon_core.shell:Creating prefix chain script '/mnt/c/Users/Dane/ros2_ws/src/lazerbot_tf/install/setup.bash'
[4.440s] INFO:colcon.colcon_core.shell:Creating prefix script '/mnt/c/Users/Dane/ros2_ws/src/lazerbot_tf/install/local_setup.zsh'
[4.445s] INFO:colcon.colcon_core.shell:Creating prefix chain script '/mnt/c/Users/Dane/ros2_ws/src/lazerbot_tf/install/setup.zsh'
